  Determining projects to restore...
  All projects are up-to-date for restore.
  AgeDigitalTwins -> C:\Users\NRaes\dev\konnektr-io\pg-age-digitaltwins\src\AgeDigitalTwins\bin\Debug\net10.0\AgeDigitalTwins.dll
  AgeDigitalTwins.ServiceDefaults -> C:\Users\NRaes\dev\konnektr-io\pg-age-digitaltwins\src\AgeDigitalTwins.ServiceDefaults\bin\Debug\net10.0\AgeDigitalTwins.ServiceDefaults.dll
C:\Users\NRaes\dev\konnektr-io\pg-age-digitaltwins\src\AgeDigitalTwins.Events\Sinks\Webhook\WebhookEventSink.cs(12,22): error CS0246: The type or namespace name 'TokenCredential' could not be found (are you missing a using directive or an assembly reference?) [C:\Users\NRaes\dev\konnektr-io\pg-age-digitaltwins\src\AgeDigitalTwins.Events\AgeDigitalTwins.Events.csproj]
C:\Users\NRaes\dev\konnektr-io\pg-age-digitaltwins\src\AgeDigitalTwins.Events\Sinks\Mqtt\MqttEventSink.cs(18,22): error CS0246: The type or namespace name 'TokenCredential' could not be found (are you missing a using directive or an assembly reference?) [C:\Users\NRaes\dev\konnektr-io\pg-age-digitaltwins\src\AgeDigitalTwins.Events\AgeDigitalTwins.Events.csproj]
C:\Users\NRaes\dev\konnektr-io\pg-age-digitaltwins\src\AgeDigitalTwins.Events\Sinks\Webhook\WebhookSinkOptions.cs(10,19): warning CS0108: 'WebhookSinkOptions.AuthenticationType' hides inherited member 'SinkOptions.AuthenticationType'. Use the new keyword if hiding was intended. [C:\Users\NRaes\dev\konnektr-io\pg-age-digitaltwins\src\AgeDigitalTwins.Events\AgeDigitalTwins.Events.csproj]
C:\Users\NRaes\dev\konnektr-io\pg-age-digitaltwins\src\AgeDigitalTwins.Events\Sinks\Webhook\WebhookEventSink.cs(21,57): error CS0246: The type or namespace name 'TokenCredential' could not be found (are you missing a using directive or an assembly reference?) [C:\Users\NRaes\dev\konnektr-io\pg-age-digitaltwins\src\AgeDigitalTwins.Events\AgeDigitalTwins.Events.csproj]
C:\Users\NRaes\dev\konnektr-io\pg-age-digitaltwins\src\AgeDigitalTwins.Events\Sinks\Mqtt\MqttEventSink.cs(20,51): error CS0246: The type or namespace name 'TokenCredential' could not be found (are you missing a using directive or an assembly reference?) [C:\Users\NRaes\dev\konnektr-io\pg-age-digitaltwins\src\AgeDigitalTwins.Events\AgeDigitalTwins.Events.csproj]

Build FAILED.

C:\Users\NRaes\dev\konnektr-io\pg-age-digitaltwins\src\AgeDigitalTwins.Events\Sinks\Webhook\WebhookSinkOptions.cs(10,19): warning CS0108: 'WebhookSinkOptions.AuthenticationType' hides inherited member 'SinkOptions.AuthenticationType'. Use the new keyword if hiding was intended. [C:\Users\NRaes\dev\konnektr-io\pg-age-digitaltwins\src\AgeDigitalTwins.Events\AgeDigitalTwins.Events.csproj]
C:\Users\NRaes\dev\konnektr-io\pg-age-digitaltwins\src\AgeDigitalTwins.Events\Sinks\Webhook\WebhookEventSink.cs(12,22): error CS0246: The type or namespace name 'TokenCredential' could not be found (are you missing a using directive or an assembly reference?) [C:\Users\NRaes\dev\konnektr-io\pg-age-digitaltwins\src\AgeDigitalTwins.Events\AgeDigitalTwins.Events.csproj]
C:\Users\NRaes\dev\konnektr-io\pg-age-digitaltwins\src\AgeDigitalTwins.Events\Sinks\Mqtt\MqttEventSink.cs(18,22): error CS0246: The type or namespace name 'TokenCredential' could not be found (are you missing a using directive or an assembly reference?) [C:\Users\NRaes\dev\konnektr-io\pg-age-digitaltwins\src\AgeDigitalTwins.Events\AgeDigitalTwins.Events.csproj]
C:\Users\NRaes\dev\konnektr-io\pg-age-digitaltwins\src\AgeDigitalTwins.Events\Sinks\Webhook\WebhookEventSink.cs(21,57): error CS0246: The type or namespace name 'TokenCredential' could not be found (are you missing a using directive or an assembly reference?) [C:\Users\NRaes\dev\konnektr-io\pg-age-digitaltwins\src\AgeDigitalTwins.Events\AgeDigitalTwins.Events.csproj]
C:\Users\NRaes\dev\konnektr-io\pg-age-digitaltwins\src\AgeDigitalTwins.Events\Sinks\Mqtt\MqttEventSink.cs(20,51): error CS0246: The type or namespace name 'TokenCredential' could not be found (are you missing a using directive or an assembly reference?) [C:\Users\NRaes\dev\konnektr-io\pg-age-digitaltwins\src\AgeDigitalTwins.Events\AgeDigitalTwins.Events.csproj]
    1 Warning(s)
    4 Error(s)

Time Elapsed 00:00:01.61
