  Determining projects to restore...
  All projects are up-to-date for restore.
  AgeDigitalTwins -> C:\Users\NRaes\dev\konnektr-io\pg-age-digitaltwins\src\AgeDigitalTwins\bin\Debug\net10.0\AgeDigitalTwins.dll
  AgeDigitalTwins.ServiceDefaults -> C:\Users\NRaes\dev\konnektr-io\pg-age-digitaltwins\src\AgeDigitalTwins.ServiceDefaults\bin\Debug\net10.0\AgeDigitalTwins.ServiceDefaults.dll
C:\Users\NRaes\dev\konnektr-io\pg-age-digitaltwins\src\AgeDigitalTwins.Events\EventSinkFactory.cs(81,9): error CS1519: Invalid token 'if' in a member declaration [C:\Users\NRaes\dev\konnektr-io\pg-age-digitaltwins\src\AgeDigitalTwins.Events\AgeDigitalTwins.Events.csproj]
C:\Users\NRaes\dev\konnektr-io\pg-age-digitaltwins\src\AgeDigitalTwins.Events\EventSinkFactory.cs(81,26): error CS8124: Tuple must contain at least two elements. [C:\Users\NRaes\dev\konnektr-io\pg-age-digitaltwins\src\AgeDigitalTwins.Events\AgeDigitalTwins.Events.csproj]
C:\Users\NRaes\dev\konnektr-io\pg-age-digitaltwins\src\AgeDigitalTwins.Events\EventSinkFactory.cs(81,26): error CS1026: ) expected [C:\Users\NRaes\dev\konnektr-io\pg-age-digitaltwins\src\AgeDigitalTwins.Events\AgeDigitalTwins.Events.csproj]
C:\Users\NRaes\dev\konnektr-io\pg-age-digitaltwins\src\AgeDigitalTwins.Events\EventSinkFactory.cs(81,26): error CS1519: Invalid token '!=' in a member declaration [C:\Users\NRaes\dev\konnektr-io\pg-age-digitaltwins\src\AgeDigitalTwins.Events\AgeDigitalTwins.Events.csproj]
C:\Users\NRaes\dev\konnektr-io\pg-age-digitaltwins\src\AgeDigitalTwins.Events\EventSinkFactory.cs(81,56): error CS1519: Invalid token '>' in a member declaration [C:\Users\NRaes\dev\konnektr-io\pg-age-digitaltwins\src\AgeDigitalTwins.Events\AgeDigitalTwins.Events.csproj]
C:\Users\NRaes\dev\konnektr-io\pg-age-digitaltwins\src\AgeDigitalTwins.Events\EventSinkFactory.cs(84,13): error CS1519: Invalid token 'foreach' in a member declaration [C:\Users\NRaes\dev\konnektr-io\pg-age-digitaltwins\src\AgeDigitalTwins.Events\AgeDigitalTwins.Events.csproj]
C:\Users\NRaes\dev\konnektr-io\pg-age-digitaltwins\src\AgeDigitalTwins.Events\EventSinkFactory.cs(84,38): error CS8124: Tuple must contain at least two elements. [C:\Users\NRaes\dev\konnektr-io\pg-age-digitaltwins\src\AgeDigitalTwins.Events\AgeDigitalTwins.Events.csproj]
C:\Users\NRaes\dev\konnektr-io\pg-age-digitaltwins\src\AgeDigitalTwins.Events\EventSinkFactory.cs(84,38): error CS1026: ) expected [C:\Users\NRaes\dev\konnektr-io\pg-age-digitaltwins\src\AgeDigitalTwins.Events\AgeDigitalTwins.Events.csproj]
C:\Users\NRaes\dev\konnektr-io\pg-age-digitaltwins\src\AgeDigitalTwins.Events\EventSinkFactory.cs(84,38): error CS1519: Invalid token 'in' in a member declaration [C:\Users\NRaes\dev\konnektr-io\pg-age-digitaltwins\src\AgeDigitalTwins.Events\AgeDigitalTwins.Events.csproj]
C:\Users\NRaes\dev\konnektr-io\pg-age-digitaltwins\src\AgeDigitalTwins.Events\EventSinkFactory.cs(84,53): error CS1519: Invalid token ')' in a member declaration [C:\Users\NRaes\dev\konnektr-io\pg-age-digitaltwins\src\AgeDigitalTwins.Events\AgeDigitalTwins.Events.csproj]
C:\Users\NRaes\dev\konnektr-io\pg-age-digitaltwins\src\AgeDigitalTwins.Events\EventSinkFactory.cs(90,30): error CS1519: Invalid token '(' in a member declaration [C:\Users\NRaes\dev\konnektr-io\pg-age-digitaltwins\src\AgeDigitalTwins.Events\AgeDigitalTwins.Events.csproj]
C:\Users\NRaes\dev\konnektr-io\pg-age-digitaltwins\src\AgeDigitalTwins.Events\EventSinkFactory.cs(90,31): error CS1031: Type expected [C:\Users\NRaes\dev\konnektr-io\pg-age-digitaltwins\src\AgeDigitalTwins.Events\AgeDigitalTwins.Events.csproj]
C:\Users\NRaes\dev\konnektr-io\pg-age-digitaltwins\src\AgeDigitalTwins.Events\EventSinkFactory.cs(90,31): error CS8124: Tuple must contain at least two elements. [C:\Users\NRaes\dev\konnektr-io\pg-age-digitaltwins\src\AgeDigitalTwins.Events\AgeDigitalTwins.Events.csproj]
C:\Users\NRaes\dev\konnektr-io\pg-age-digitaltwins\src\AgeDigitalTwins.Events\EventSinkFactory.cs(90,31): error CS1026: ) expected [C:\Users\NRaes\dev\konnektr-io\pg-age-digitaltwins\src\AgeDigitalTwins.Events\AgeDigitalTwins.Events.csproj]
C:\Users\NRaes\dev\konnektr-io\pg-age-digitaltwins\src\AgeDigitalTwins.Events\EventSinkFactory.cs(90,65): error CS1001: Identifier expected [C:\Users\NRaes\dev\konnektr-io\pg-age-digitaltwins\src\AgeDigitalTwins.Events\AgeDigitalTwins.Events.csproj]
C:\Users\NRaes\dev\konnektr-io\pg-age-digitaltwins\src\AgeDigitalTwins.Events\EventSinkFactory.cs(90,80): error CS1001: Identifier expected [C:\Users\NRaes\dev\konnektr-io\pg-age-digitaltwins\src\AgeDigitalTwins.Events\AgeDigitalTwins.Events.csproj]
C:\Users\NRaes\dev\konnektr-io\pg-age-digitaltwins\src\AgeDigitalTwins.Events\EventSinkFactory.cs(90,93): error CS1001: Identifier expected [C:\Users\NRaes\dev\konnektr-io\pg-age-digitaltwins\src\AgeDigitalTwins.Events\AgeDigitalTwins.Events.csproj]
C:\Users\NRaes\dev\konnektr-io\pg-age-digitaltwins\src\AgeDigitalTwins.Events\EventSinkFactory.cs(90,94): error CS1002: ; expected [C:\Users\NRaes\dev\konnektr-io\pg-age-digitaltwins\src\AgeDigitalTwins.Events\AgeDigitalTwins.Events.csproj]
C:\Users\NRaes\dev\konnektr-io\pg-age-digitaltwins\src\AgeDigitalTwins.Events\EventSinkFactory.cs(90,94): error CS1519: Invalid token ')' in a member declaration [C:\Users\NRaes\dev\konnektr-io\pg-age-digitaltwins\src\AgeDigitalTwins.Events\AgeDigitalTwins.Events.csproj]
C:\Users\NRaes\dev\konnektr-io\pg-age-digitaltwins\src\AgeDigitalTwins.Events\EventSinkFactory.cs(92,17): error CS1022: Type or namespace definition, or end-of-file expected [C:\Users\NRaes\dev\konnektr-io\pg-age-digitaltwins\src\AgeDigitalTwins.Events\AgeDigitalTwins.Events.csproj]
C:\Users\NRaes\dev\konnektr-io\pg-age-digitaltwins\src\AgeDigitalTwins.Events\EventSinkFactory.cs(92,44): error CS8124: Tuple must contain at least two elements. [C:\Users\NRaes\dev\konnektr-io\pg-age-digitaltwins\src\AgeDigitalTwins.Events\AgeDigitalTwins.Events.csproj]
C:\Users\NRaes\dev\konnektr-io\pg-age-digitaltwins\src\AgeDigitalTwins.Events\EventSinkFactory.cs(93,17): error CS1022: Type or namespace definition, or end-of-file expected [C:\Users\NRaes\dev\konnektr-io\pg-age-digitaltwins\src\AgeDigitalTwins.Events\AgeDigitalTwins.Events.csproj]
C:\Users\NRaes\dev\konnektr-io\pg-age-digitaltwins\src\AgeDigitalTwins.Events\EventSinkFactory.cs(94,28): error CS0116: A namespace cannot directly contain members such as fields, methods or statements [C:\Users\NRaes\dev\konnektr-io\pg-age-digitaltwins\src\AgeDigitalTwins.Events\AgeDigitalTwins.Events.csproj]
C:\Users\NRaes\dev\konnektr-io\pg-age-digitaltwins\src\AgeDigitalTwins.Events\EventSinkFactory.cs(95,28): error CS1031: Type expected [C:\Users\NRaes\dev\konnektr-io\pg-age-digitaltwins\src\AgeDigitalTwins.Events\AgeDigitalTwins.Events.csproj]
C:\Users\NRaes\dev\konnektr-io\pg-age-digitaltwins\src\AgeDigitalTwins.Events\EventSinkFactory.cs(95,28): error CS1026: ) expected [C:\Users\NRaes\dev\konnektr-io\pg-age-digitaltwins\src\AgeDigitalTwins.Events\AgeDigitalTwins.Events.csproj]
C:\Users\NRaes\dev\konnektr-io\pg-age-digitaltwins\src\AgeDigitalTwins.Events\EventSinkFactory.cs(96,25): error CS1022: Type or namespace definition, or end-of-file expected [C:\Users\NRaes\dev\konnektr-io\pg-age-digitaltwins\src\AgeDigitalTwins.Events\AgeDigitalTwins.Events.csproj]
C:\Users\NRaes\dev\konnektr-io\pg-age-digitaltwins\src\AgeDigitalTwins.Events\EventSinkFactory.cs(98,17): error CS1022: Type or namespace definition, or end-of-file expected [C:\Users\NRaes\dev\konnektr-io\pg-age-digitaltwins\src\AgeDigitalTwins.Events\AgeDigitalTwins.Events.csproj]
C:\Users\NRaes\dev\konnektr-io\pg-age-digitaltwins\src\AgeDigitalTwins.Events\EventSinkFactory.cs(99,13): error CS1022: Type or namespace definition, or end-of-file expected [C:\Users\NRaes\dev\konnektr-io\pg-age-digitaltwins\src\AgeDigitalTwins.Events\AgeDigitalTwins.Events.csproj]
C:\Users\NRaes\dev\konnektr-io\pg-age-digitaltwins\src\AgeDigitalTwins.Events\EventSinkFactory.cs(100,9): error CS1022: Type or namespace definition, or end-of-file expected [C:\Users\NRaes\dev\konnektr-io\pg-age-digitaltwins\src\AgeDigitalTwins.Events\AgeDigitalTwins.Events.csproj]
C:\Users\NRaes\dev\konnektr-io\pg-age-digitaltwins\src\AgeDigitalTwins.Events\EventSinkFactory.cs(102,9): error CS8803: Top-level statements must precede namespace and type declarations. [C:\Users\NRaes\dev\konnektr-io\pg-age-digitaltwins\src\AgeDigitalTwins.Events\AgeDigitalTwins.Events.csproj]
C:\Users\NRaes\dev\konnektr-io\pg-age-digitaltwins\src\AgeDigitalTwins.Events\EventSinkFactory.cs(127,5): error CS1022: Type or namespace definition, or end-of-file expected [C:\Users\NRaes\dev\konnektr-io\pg-age-digitaltwins\src\AgeDigitalTwins.Events\AgeDigitalTwins.Events.csproj]
C:\Users\NRaes\dev\konnektr-io\pg-age-digitaltwins\src\AgeDigitalTwins.Events\EventSinkFactory.cs(133,1): error CS1022: Type or namespace definition, or end-of-file expected [C:\Users\NRaes\dev\konnektr-io\pg-age-digitaltwins\src\AgeDigitalTwins.Events\AgeDigitalTwins.Events.csproj]

Build FAILED.

C:\Users\NRaes\dev\konnektr-io\pg-age-digitaltwins\src\AgeDigitalTwins.Events\EventSinkFactory.cs(81,9): error CS1519: Invalid token 'if' in a member declaration [C:\Users\NRaes\dev\konnektr-io\pg-age-digitaltwins\src\AgeDigitalTwins.Events\AgeDigitalTwins.Events.csproj]
C:\Users\NRaes\dev\konnektr-io\pg-age-digitaltwins\src\AgeDigitalTwins.Events\EventSinkFactory.cs(81,26): error CS8124: Tuple must contain at least two elements. [C:\Users\NRaes\dev\konnektr-io\pg-age-digitaltwins\src\AgeDigitalTwins.Events\AgeDigitalTwins.Events.csproj]
C:\Users\NRaes\dev\konnektr-io\pg-age-digitaltwins\src\AgeDigitalTwins.Events\EventSinkFactory.cs(81,26): error CS1026: ) expected [C:\Users\NRaes\dev\konnektr-io\pg-age-digitaltwins\src\AgeDigitalTwins.Events\AgeDigitalTwins.Events.csproj]
C:\Users\NRaes\dev\konnektr-io\pg-age-digitaltwins\src\AgeDigitalTwins.Events\EventSinkFactory.cs(81,26): error CS1519: Invalid token '!=' in a member declaration [C:\Users\NRaes\dev\konnektr-io\pg-age-digitaltwins\src\AgeDigitalTwins.Events\AgeDigitalTwins.Events.csproj]
C:\Users\NRaes\dev\konnektr-io\pg-age-digitaltwins\src\AgeDigitalTwins.Events\EventSinkFactory.cs(81,56): error CS1519: Invalid token '>' in a member declaration [C:\Users\NRaes\dev\konnektr-io\pg-age-digitaltwins\src\AgeDigitalTwins.Events\AgeDigitalTwins.Events.csproj]
C:\Users\NRaes\dev\konnektr-io\pg-age-digitaltwins\src\AgeDigitalTwins.Events\EventSinkFactory.cs(84,13): error CS1519: Invalid token 'foreach' in a member declaration [C:\Users\NRaes\dev\konnektr-io\pg-age-digitaltwins\src\AgeDigitalTwins.Events\AgeDigitalTwins.Events.csproj]
C:\Users\NRaes\dev\konnektr-io\pg-age-digitaltwins\src\AgeDigitalTwins.Events\EventSinkFactory.cs(84,38): error CS8124: Tuple must contain at least two elements. [C:\Users\NRaes\dev\konnektr-io\pg-age-digitaltwins\src\AgeDigitalTwins.Events\AgeDigitalTwins.Events.csproj]
C:\Users\NRaes\dev\konnektr-io\pg-age-digitaltwins\src\AgeDigitalTwins.Events\EventSinkFactory.cs(84,38): error CS1026: ) expected [C:\Users\NRaes\dev\konnektr-io\pg-age-digitaltwins\src\AgeDigitalTwins.Events\AgeDigitalTwins.Events.csproj]
C:\Users\NRaes\dev\konnektr-io\pg-age-digitaltwins\src\AgeDigitalTwins.Events\EventSinkFactory.cs(84,38): error CS1519: Invalid token 'in' in a member declaration [C:\Users\NRaes\dev\konnektr-io\pg-age-digitaltwins\src\AgeDigitalTwins.Events\AgeDigitalTwins.Events.csproj]
C:\Users\NRaes\dev\konnektr-io\pg-age-digitaltwins\src\AgeDigitalTwins.Events\EventSinkFactory.cs(84,53): error CS1519: Invalid token ')' in a member declaration [C:\Users\NRaes\dev\konnektr-io\pg-age-digitaltwins\src\AgeDigitalTwins.Events\AgeDigitalTwins.Events.csproj]
C:\Users\NRaes\dev\konnektr-io\pg-age-digitaltwins\src\AgeDigitalTwins.Events\EventSinkFactory.cs(90,30): error CS1519: Invalid token '(' in a member declaration [C:\Users\NRaes\dev\konnektr-io\pg-age-digitaltwins\src\AgeDigitalTwins.Events\AgeDigitalTwins.Events.csproj]
C:\Users\NRaes\dev\konnektr-io\pg-age-digitaltwins\src\AgeDigitalTwins.Events\EventSinkFactory.cs(90,31): error CS1031: Type expected [C:\Users\NRaes\dev\konnektr-io\pg-age-digitaltwins\src\AgeDigitalTwins.Events\AgeDigitalTwins.Events.csproj]
C:\Users\NRaes\dev\konnektr-io\pg-age-digitaltwins\src\AgeDigitalTwins.Events\EventSinkFactory.cs(90,31): error CS8124: Tuple must contain at least two elements. [C:\Users\NRaes\dev\konnektr-io\pg-age-digitaltwins\src\AgeDigitalTwins.Events\AgeDigitalTwins.Events.csproj]
C:\Users\NRaes\dev\konnektr-io\pg-age-digitaltwins\src\AgeDigitalTwins.Events\EventSinkFactory.cs(90,31): error CS1026: ) expected [C:\Users\NRaes\dev\konnektr-io\pg-age-digitaltwins\src\AgeDigitalTwins.Events\AgeDigitalTwins.Events.csproj]
C:\Users\NRaes\dev\konnektr-io\pg-age-digitaltwins\src\AgeDigitalTwins.Events\EventSinkFactory.cs(90,65): error CS1001: Identifier expected [C:\Users\NRaes\dev\konnektr-io\pg-age-digitaltwins\src\AgeDigitalTwins.Events\AgeDigitalTwins.Events.csproj]
C:\Users\NRaes\dev\konnektr-io\pg-age-digitaltwins\src\AgeDigitalTwins.Events\EventSinkFactory.cs(90,80): error CS1001: Identifier expected [C:\Users\NRaes\dev\konnektr-io\pg-age-digitaltwins\src\AgeDigitalTwins.Events\AgeDigitalTwins.Events.csproj]
C:\Users\NRaes\dev\konnektr-io\pg-age-digitaltwins\src\AgeDigitalTwins.Events\EventSinkFactory.cs(90,93): error CS1001: Identifier expected [C:\Users\NRaes\dev\konnektr-io\pg-age-digitaltwins\src\AgeDigitalTwins.Events\AgeDigitalTwins.Events.csproj]
C:\Users\NRaes\dev\konnektr-io\pg-age-digitaltwins\src\AgeDigitalTwins.Events\EventSinkFactory.cs(90,94): error CS1002: ; expected [C:\Users\NRaes\dev\konnektr-io\pg-age-digitaltwins\src\AgeDigitalTwins.Events\AgeDigitalTwins.Events.csproj]
C:\Users\NRaes\dev\konnektr-io\pg-age-digitaltwins\src\AgeDigitalTwins.Events\EventSinkFactory.cs(90,94): error CS1519: Invalid token ')' in a member declaration [C:\Users\NRaes\dev\konnektr-io\pg-age-digitaltwins\src\AgeDigitalTwins.Events\AgeDigitalTwins.Events.csproj]
C:\Users\NRaes\dev\konnektr-io\pg-age-digitaltwins\src\AgeDigitalTwins.Events\EventSinkFactory.cs(92,17): error CS1022: Type or namespace definition, or end-of-file expected [C:\Users\NRaes\dev\konnektr-io\pg-age-digitaltwins\src\AgeDigitalTwins.Events\AgeDigitalTwins.Events.csproj]
C:\Users\NRaes\dev\konnektr-io\pg-age-digitaltwins\src\AgeDigitalTwins.Events\EventSinkFactory.cs(92,44): error CS8124: Tuple must contain at least two elements. [C:\Users\NRaes\dev\konnektr-io\pg-age-digitaltwins\src\AgeDigitalTwins.Events\AgeDigitalTwins.Events.csproj]
C:\Users\NRaes\dev\konnektr-io\pg-age-digitaltwins\src\AgeDigitalTwins.Events\EventSinkFactory.cs(93,17): error CS1022: Type or namespace definition, or end-of-file expected [C:\Users\NRaes\dev\konnektr-io\pg-age-digitaltwins\src\AgeDigitalTwins.Events\AgeDigitalTwins.Events.csproj]
C:\Users\NRaes\dev\konnektr-io\pg-age-digitaltwins\src\AgeDigitalTwins.Events\EventSinkFactory.cs(94,28): error CS0116: A namespace cannot directly contain members such as fields, methods or statements [C:\Users\NRaes\dev\konnektr-io\pg-age-digitaltwins\src\AgeDigitalTwins.Events\AgeDigitalTwins.Events.csproj]
C:\Users\NRaes\dev\konnektr-io\pg-age-digitaltwins\src\AgeDigitalTwins.Events\EventSinkFactory.cs(95,28): error CS1031: Type expected [C:\Users\NRaes\dev\konnektr-io\pg-age-digitaltwins\src\AgeDigitalTwins.Events\AgeDigitalTwins.Events.csproj]
C:\Users\NRaes\dev\konnektr-io\pg-age-digitaltwins\src\AgeDigitalTwins.Events\EventSinkFactory.cs(95,28): error CS1026: ) expected [C:\Users\NRaes\dev\konnektr-io\pg-age-digitaltwins\src\AgeDigitalTwins.Events\AgeDigitalTwins.Events.csproj]
C:\Users\NRaes\dev\konnektr-io\pg-age-digitaltwins\src\AgeDigitalTwins.Events\EventSinkFactory.cs(96,25): error CS1022: Type or namespace definition, or end-of-file expected [C:\Users\NRaes\dev\konnektr-io\pg-age-digitaltwins\src\AgeDigitalTwins.Events\AgeDigitalTwins.Events.csproj]
C:\Users\NRaes\dev\konnektr-io\pg-age-digitaltwins\src\AgeDigitalTwins.Events\EventSinkFactory.cs(98,17): error CS1022: Type or namespace definition, or end-of-file expected [C:\Users\NRaes\dev\konnektr-io\pg-age-digitaltwins\src\AgeDigitalTwins.Events\AgeDigitalTwins.Events.csproj]
C:\Users\NRaes\dev\konnektr-io\pg-age-digitaltwins\src\AgeDigitalTwins.Events\EventSinkFactory.cs(99,13): error CS1022: Type or namespace definition, or end-of-file expected [C:\Users\NRaes\dev\konnektr-io\pg-age-digitaltwins\src\AgeDigitalTwins.Events\AgeDigitalTwins.Events.csproj]
C:\Users\NRaes\dev\konnektr-io\pg-age-digitaltwins\src\AgeDigitalTwins.Events\EventSinkFactory.cs(100,9): error CS1022: Type or namespace definition, or end-of-file expected [C:\Users\NRaes\dev\konnektr-io\pg-age-digitaltwins\src\AgeDigitalTwins.Events\AgeDigitalTwins.Events.csproj]
C:\Users\NRaes\dev\konnektr-io\pg-age-digitaltwins\src\AgeDigitalTwins.Events\EventSinkFactory.cs(102,9): error CS8803: Top-level statements must precede namespace and type declarations. [C:\Users\NRaes\dev\konnektr-io\pg-age-digitaltwins\src\AgeDigitalTwins.Events\AgeDigitalTwins.Events.csproj]
C:\Users\NRaes\dev\konnektr-io\pg-age-digitaltwins\src\AgeDigitalTwins.Events\EventSinkFactory.cs(127,5): error CS1022: Type or namespace definition, or end-of-file expected [C:\Users\NRaes\dev\konnektr-io\pg-age-digitaltwins\src\AgeDigitalTwins.Events\AgeDigitalTwins.Events.csproj]
C:\Users\NRaes\dev\konnektr-io\pg-age-digitaltwins\src\AgeDigitalTwins.Events\EventSinkFactory.cs(133,1): error CS1022: Type or namespace definition, or end-of-file expected [C:\Users\NRaes\dev\konnektr-io\pg-age-digitaltwins\src\AgeDigitalTwins.Events\AgeDigitalTwins.Events.csproj]
    0 Warning(s)
    32 Error(s)

Time Elapsed 00:00:01.40
