<?xml version="1.0" encoding="utf-8"?>
<TestRun id="460a1e76-4c3f-4ad4-8bd4-8edb52d0dc23" name="NRaes@C3YHK9C3 2025-07-16 11:11:38" runUser="ARCADIS\NRaes" xmlns="http://microsoft.com/schemas/VisualStudio/TeamTest/2010">
  <Times creation="2025-07-16T11:11:38.4699130+02:00" queuing="2025-07-16T11:11:38.4699134+02:00" start="2025-07-16T11:11:30.9167261+02:00" finish="2025-07-16T11:12:10.2909684+02:00" />
  <TestSettings name="default" id="06c4b79e-ce23-46f2-897b-bc014b4d3e8e">
    <Deployment runDeploymentRoot="NRaes_C3YHK9C3_2025-07-16_11_11_38" />
  </TestSettings>
  <Results>
    <UnitTestResult executionId="2710047d-d23a-4527-986e-2a51c77f137a" testId="3d044c5d-5012-1073-4e7a-bc1714a9893a" testName="AgeDigitalTwins.Test.ImportJobTests.Client_GetImportJob_ShouldReturnCorrectJob" computerName="C3YHK9C3" duration="00:00:00.0010000" startTime="2025-07-16T11:11:54.6499499+02:00" endTime="2025-07-16T11:11:58.7290681+02:00" testType="13cdc9d9-ddb5-4fa4-a97d-d965ccfc6d4b" outcome="Failed" testListId="8c84fa94-04c1-424b-9868-57a2d4851a1d" relativeResultsDirectory="2710047d-d23a-4527-986e-2a51c77f137a">
      <Output>
        <ErrorInfo>
          <Message>Npgsql.NpgsqlException : Unable to connect to a suitable host. Check inner exception for more details.&#xD;
---- System.AggregateException : One or more errors occurred. (Failed to connect to 127.0.0.1:5432)&#xD;
-------- Npgsql.NpgsqlException : Failed to connect to 127.0.0.1:5432&#xD;
------------ System.Net.Sockets.SocketException : No connection could be made because the target machine actively refused it.</Message>
          <StackTrace>   at Npgsql.NpgsqlMultiHostDataSource.Get(NpgsqlConnection conn, NpgsqlTimeout timeout, Boolean async, CancellationToken cancellationToken)&#xD;
   at Npgsql.NpgsqlConnection.&lt;Open&gt;g__OpenAsync|42_0(Boolean async, CancellationToken cancellationToken)&#xD;
   at Npgsql.NpgsqlDataSource.OpenConnectionAsync(CancellationToken cancellationToken)&#xD;
   at Npgsql.NpgsqlDataSource.OpenConnectionAsync(CancellationToken cancellationToken)&#xD;
   at AgeDigitalTwins.Jobs.JobService.InitializeSchemaAsync() in C:\Users\NRaes\Dev\pg-age-digitaltwins\src\AgeDigitalTwins\Jobs\JobService.cs:line 438&#xD;
   at AgeDigitalTwins.Jobs.JobService..ctor(NpgsqlMultiHostDataSource dataSource, String graphName, ILogger logger) in C:\Users\NRaes\Dev\pg-age-digitaltwins\src\AgeDigitalTwins\Jobs\JobService.cs:line 37&#xD;
   at AgeDigitalTwins.AgeDigitalTwinsClient..ctor(NpgsqlMultiHostDataSource dataSource, AgeDigitalTwinsClientOptions options) in C:\Users\NRaes\Dev\pg-age-digitaltwins\src\AgeDigitalTwins\AgeDigitalTwinsClient.cs:line 61&#xD;
   at AgeDigitalTwins.Test.TestBase..ctor() in C:\Users\NRaes\Dev\pg-age-digitaltwins\src\AgeDigitalTwins.Test\TestBase.cs:line 29&#xD;
   at AgeDigitalTwins.Test.ImportJobTests..ctor(ITestOutputHelper output) in C:\Users\NRaes\Dev\pg-age-digitaltwins\src\AgeDigitalTwins.Test\ImportJobTests.cs:line 16&#xD;
   at InvokeStub_ImportJobTests..ctor(Object, Span`1)&#xD;
   at System.Reflection.MethodBaseInvoker.InvokeWithOneArg(Object obj, BindingFlags invokeAttr, Binder binder, Object[] parameters, CultureInfo culture)&#xD;
----- Inner Stack Trace -----&#xD;
&#xD;
----- Inner Stack Trace -----&#xD;
   at Npgsql.Internal.NpgsqlConnector.ConnectAsync(NpgsqlTimeout timeout, CancellationToken cancellationToken)&#xD;
   at Npgsql.Internal.NpgsqlConnector.RawOpen(SslMode sslMode, NpgsqlTimeout timeout, Boolean async, CancellationToken cancellationToken)&#xD;
   at Npgsql.Internal.NpgsqlConnector.&lt;Open&gt;g__OpenCore|214_1(NpgsqlConnector conn, SslMode sslMode, NpgsqlTimeout timeout, Boolean async, CancellationToken cancellationToken)&#xD;
   at Npgsql.Internal.NpgsqlConnector.Open(NpgsqlTimeout timeout, Boolean async, CancellationToken cancellationToken)&#xD;
   at Npgsql.PoolingDataSource.OpenNewConnector(NpgsqlConnection conn, NpgsqlTimeout timeout, Boolean async, CancellationToken cancellationToken)&#xD;
   at Npgsql.NpgsqlMultiHostDataSource.TryGetIdleOrNew(NpgsqlConnection conn, TimeSpan timeoutPerHost, Boolean async, TargetSessionAttributes preferredType, Func`3 stateValidator, Int32 poolIndex, IList`1 exceptions, CancellationToken cancellationToken)&#xD;
----- Inner Stack Trace -----&#xD;
   at System.Net.Sockets.Socket.AwaitableSocketAsyncEventArgs.ThrowException(SocketError error, CancellationToken cancellationToken)&#xD;
   at System.Net.Sockets.Socket.AwaitableSocketAsyncEventArgs.System.Threading.Tasks.Sources.IValueTaskSource.GetResult(Int16 token)&#xD;
   at System.Net.Sockets.Socket.&lt;ConnectAsync&gt;g__WaitForConnectWithCancellation|285_0(AwaitableSocketAsyncEventArgs saea, ValueTask connectTask, CancellationToken cancellationToken)&#xD;
   at Npgsql.TaskTimeoutAndCancellation.ExecuteAsync(Func`2 getTaskFunc, NpgsqlTimeout timeout, CancellationToken cancellationToken)&#xD;
   at Npgsql.Internal.NpgsqlConnector.ConnectAsync(NpgsqlTimeout timeout, CancellationToken cancellationToken)</StackTrace>
        </ErrorInfo>
      </Output>
    </UnitTestResult>
    <UnitTestResult executionId="59a30621-1fdb-47a0-9962-3ec3179c1498" testId="8dc1792e-98d6-0347-47e7-5bb7827c81c2" testName="AgeDigitalTwins.Test.ImportJobTests.Client_ImportGraphAsync_WithNullInputStream_ShouldThrow" computerName="C3YHK9C3" duration="00:00:00.0010000" startTime="2025-07-16T11:11:32.5666095+02:00" endTime="2025-07-16T11:11:38.4041216+02:00" testType="13cdc9d9-ddb5-4fa4-a97d-d965ccfc6d4b" outcome="Failed" testListId="8c84fa94-04c1-424b-9868-57a2d4851a1d" relativeResultsDirectory="59a30621-1fdb-47a0-9962-3ec3179c1498">
      <Output>
        <ErrorInfo>
          <Message>Npgsql.NpgsqlException : Unable to connect to a suitable host. Check inner exception for more details.&#xD;
---- System.AggregateException : One or more errors occurred. (Failed to connect to 127.0.0.1:5432)&#xD;
-------- Npgsql.NpgsqlException : Failed to connect to 127.0.0.1:5432&#xD;
------------ System.Net.Sockets.SocketException : No connection could be made because the target machine actively refused it.</Message>
          <StackTrace>   at Npgsql.NpgsqlMultiHostDataSource.Get(NpgsqlConnection conn, NpgsqlTimeout timeout, Boolean async, CancellationToken cancellationToken)&#xD;
   at Npgsql.NpgsqlConnection.&lt;Open&gt;g__OpenAsync|42_0(Boolean async, CancellationToken cancellationToken)&#xD;
   at Npgsql.NpgsqlDataSource.OpenConnectionAsync(CancellationToken cancellationToken)&#xD;
   at Npgsql.NpgsqlDataSource.OpenConnectionAsync(CancellationToken cancellationToken)&#xD;
   at AgeDigitalTwins.Jobs.JobService.InitializeSchemaAsync() in C:\Users\NRaes\Dev\pg-age-digitaltwins\src\AgeDigitalTwins\Jobs\JobService.cs:line 438&#xD;
   at AgeDigitalTwins.Jobs.JobService..ctor(NpgsqlMultiHostDataSource dataSource, String graphName, ILogger logger) in C:\Users\NRaes\Dev\pg-age-digitaltwins\src\AgeDigitalTwins\Jobs\JobService.cs:line 37&#xD;
   at AgeDigitalTwins.AgeDigitalTwinsClient..ctor(NpgsqlMultiHostDataSource dataSource, AgeDigitalTwinsClientOptions options) in C:\Users\NRaes\Dev\pg-age-digitaltwins\src\AgeDigitalTwins\AgeDigitalTwinsClient.cs:line 61&#xD;
   at AgeDigitalTwins.Test.TestBase..ctor() in C:\Users\NRaes\Dev\pg-age-digitaltwins\src\AgeDigitalTwins.Test\TestBase.cs:line 29&#xD;
   at AgeDigitalTwins.Test.ImportJobTests..ctor(ITestOutputHelper output) in C:\Users\NRaes\Dev\pg-age-digitaltwins\src\AgeDigitalTwins.Test\ImportJobTests.cs:line 16&#xD;
   at System.RuntimeMethodHandle.InvokeMethod(Object target, Void** arguments, Signature sig, Boolean isConstructor)&#xD;
   at System.Reflection.MethodBaseInvoker.InvokeDirectByRefWithFewArgs(Object obj, Span`1 copyOfArgs, BindingFlags invokeAttr)&#xD;
----- Inner Stack Trace -----&#xD;
&#xD;
----- Inner Stack Trace -----&#xD;
   at Npgsql.Internal.NpgsqlConnector.ConnectAsync(NpgsqlTimeout timeout, CancellationToken cancellationToken)&#xD;
   at Npgsql.Internal.NpgsqlConnector.RawOpen(SslMode sslMode, NpgsqlTimeout timeout, Boolean async, CancellationToken cancellationToken)&#xD;
   at Npgsql.Internal.NpgsqlConnector.&lt;Open&gt;g__OpenCore|214_1(NpgsqlConnector conn, SslMode sslMode, NpgsqlTimeout timeout, Boolean async, CancellationToken cancellationToken)&#xD;
   at Npgsql.Internal.NpgsqlConnector.Open(NpgsqlTimeout timeout, Boolean async, CancellationToken cancellationToken)&#xD;
   at Npgsql.PoolingDataSource.OpenNewConnector(NpgsqlConnection conn, NpgsqlTimeout timeout, Boolean async, CancellationToken cancellationToken)&#xD;
   at Npgsql.NpgsqlMultiHostDataSource.TryGetIdleOrNew(NpgsqlConnection conn, TimeSpan timeoutPerHost, Boolean async, TargetSessionAttributes preferredType, Func`3 stateValidator, Int32 poolIndex, IList`1 exceptions, CancellationToken cancellationToken)&#xD;
----- Inner Stack Trace -----&#xD;
   at System.Net.Sockets.Socket.AwaitableSocketAsyncEventArgs.ThrowException(SocketError error, CancellationToken cancellationToken)&#xD;
   at System.Net.Sockets.Socket.AwaitableSocketAsyncEventArgs.System.Threading.Tasks.Sources.IValueTaskSource.GetResult(Int16 token)&#xD;
   at System.Net.Sockets.Socket.&lt;ConnectAsync&gt;g__WaitForConnectWithCancellation|285_0(AwaitableSocketAsyncEventArgs saea, ValueTask connectTask, CancellationToken cancellationToken)&#xD;
   at Npgsql.TaskTimeoutAndCancellation.ExecuteAsync(Func`2 getTaskFunc, NpgsqlTimeout timeout, CancellationToken cancellationToken)&#xD;
   at Npgsql.Internal.NpgsqlConnector.ConnectAsync(NpgsqlTimeout timeout, CancellationToken cancellationToken)</StackTrace>
        </ErrorInfo>
      </Output>
    </UnitTestResult>
    <UnitTestResult executionId="860ea5b8-e885-4d41-a8a2-2cb0cbb4153f" testId="6e792ea8-13f1-f922-27c5-01c48a5f7875" testName="AgeDigitalTwins.Test.QueryTests.QueryAsync_AdtQueryWithTypeCheckFunctions_ReturnsTwins" computerName="C3YHK9C3" duration="00:00:00.0010000" startTime="2025-07-16T11:11:58.7398648+02:00" endTime="2025-07-16T11:12:03.1663084+02:00" testType="13cdc9d9-ddb5-4fa4-a97d-d965ccfc6d4b" outcome="Failed" testListId="8c84fa94-04c1-424b-9868-57a2d4851a1d" relativeResultsDirectory="860ea5b8-e885-4d41-a8a2-2cb0cbb4153f">
      <Output>
        <ErrorInfo>
          <Message>Npgsql.PostgresException : 28P01: password authentication failed for user "app"</Message>
          <StackTrace>   at Npgsql.NpgsqlMultiHostDataSource.Get(NpgsqlConnection conn, NpgsqlTimeout timeout, Boolean async, CancellationToken cancellationToken)&#xD;
   at Npgsql.NpgsqlConnection.&lt;Open&gt;g__OpenAsync|42_0(Boolean async, CancellationToken cancellationToken)&#xD;
   at Npgsql.NpgsqlDataSource.OpenConnectionAsync(CancellationToken cancellationToken)&#xD;
   at Npgsql.NpgsqlDataSource.OpenConnectionAsync(CancellationToken cancellationToken)&#xD;
   at AgeDigitalTwins.Jobs.JobService.InitializeSchemaAsync() in C:\Users\NRaes\Dev\pg-age-digitaltwins\src\AgeDigitalTwins\Jobs\JobService.cs:line 438&#xD;
   at AgeDigitalTwins.Jobs.JobService..ctor(NpgsqlMultiHostDataSource dataSource, String graphName, ILogger logger) in C:\Users\NRaes\Dev\pg-age-digitaltwins\src\AgeDigitalTwins\Jobs\JobService.cs:line 37&#xD;
   at AgeDigitalTwins.AgeDigitalTwinsClient..ctor(NpgsqlMultiHostDataSource dataSource, AgeDigitalTwinsClientOptions options) in C:\Users\NRaes\Dev\pg-age-digitaltwins\src\AgeDigitalTwins\AgeDigitalTwinsClient.cs:line 61&#xD;
   at AgeDigitalTwins.Test.TestBase..ctor() in C:\Users\NRaes\Dev\pg-age-digitaltwins\src\AgeDigitalTwins.Test\TestBase.cs:line 29&#xD;
   at AgeDigitalTwins.Test.QueryTests..ctor()&#xD;
   at System.RuntimeType.CreateInstanceDefaultCtor(Boolean publicOnly, Boolean wrapExceptions)</StackTrace>
        </ErrorInfo>
      </Output>
    </UnitTestResult>
    <UnitTestResult executionId="e2864eb7-0786-4e8e-b3d7-4f5dfd345049" testId="8b366be4-6353-11af-669c-3b8ef3e61182" testName="AgeDigitalTwins.Test.DigitalTwinsTests.UpdateDigitalTwinAsync_MultipleOperations_Updated" computerName="C3YHK9C3" duration="00:00:00.0010000" startTime="2025-07-16T11:11:50.5911459+02:00" endTime="2025-07-16T11:11:54.6534655+02:00" testType="13cdc9d9-ddb5-4fa4-a97d-d965ccfc6d4b" outcome="Failed" testListId="8c84fa94-04c1-424b-9868-57a2d4851a1d" relativeResultsDirectory="e2864eb7-0786-4e8e-b3d7-4f5dfd345049">
      <Output>
        <ErrorInfo>
          <Message>Npgsql.NpgsqlException : Unable to connect to a suitable host. Check inner exception for more details.&#xD;
---- System.AggregateException : One or more errors occurred. (Failed to connect to 127.0.0.1:5432)&#xD;
-------- Npgsql.NpgsqlException : Failed to connect to 127.0.0.1:5432&#xD;
------------ System.Net.Sockets.SocketException : No connection could be made because the target machine actively refused it.</Message>
          <StackTrace>   at Npgsql.NpgsqlMultiHostDataSource.Get(NpgsqlConnection conn, NpgsqlTimeout timeout, Boolean async, CancellationToken cancellationToken)&#xD;
   at Npgsql.NpgsqlConnection.&lt;Open&gt;g__OpenAsync|42_0(Boolean async, CancellationToken cancellationToken)&#xD;
   at Npgsql.NpgsqlDataSource.OpenConnectionAsync(CancellationToken cancellationToken)&#xD;
   at Npgsql.NpgsqlDataSource.OpenConnectionAsync(CancellationToken cancellationToken)&#xD;
   at AgeDigitalTwins.Jobs.JobService.InitializeSchemaAsync() in C:\Users\NRaes\Dev\pg-age-digitaltwins\src\AgeDigitalTwins\Jobs\JobService.cs:line 438&#xD;
   at AgeDigitalTwins.Jobs.JobService..ctor(NpgsqlMultiHostDataSource dataSource, String graphName, ILogger logger) in C:\Users\NRaes\Dev\pg-age-digitaltwins\src\AgeDigitalTwins\Jobs\JobService.cs:line 37&#xD;
   at AgeDigitalTwins.AgeDigitalTwinsClient..ctor(NpgsqlMultiHostDataSource dataSource, AgeDigitalTwinsClientOptions options) in C:\Users\NRaes\Dev\pg-age-digitaltwins\src\AgeDigitalTwins\AgeDigitalTwinsClient.cs:line 61&#xD;
   at AgeDigitalTwins.Test.TestBase..ctor() in C:\Users\NRaes\Dev\pg-age-digitaltwins\src\AgeDigitalTwins.Test\TestBase.cs:line 29&#xD;
   at AgeDigitalTwins.Test.DigitalTwinsTests..ctor(ITestOutputHelper output) in C:\Users\NRaes\Dev\pg-age-digitaltwins\src\AgeDigitalTwins.Test\DigitalTwinsTests.cs:line 16&#xD;
   at InvokeStub_DigitalTwinsTests..ctor(Object, Span`1)&#xD;
   at System.Reflection.MethodBaseInvoker.InvokeWithOneArg(Object obj, BindingFlags invokeAttr, Binder binder, Object[] parameters, CultureInfo culture)&#xD;
----- Inner Stack Trace -----&#xD;
&#xD;
----- Inner Stack Trace -----&#xD;
   at Npgsql.Internal.NpgsqlConnector.ConnectAsync(NpgsqlTimeout timeout, CancellationToken cancellationToken)&#xD;
   at Npgsql.Internal.NpgsqlConnector.RawOpen(SslMode sslMode, NpgsqlTimeout timeout, Boolean async, CancellationToken cancellationToken)&#xD;
   at Npgsql.Internal.NpgsqlConnector.&lt;Open&gt;g__OpenCore|214_1(NpgsqlConnector conn, SslMode sslMode, NpgsqlTimeout timeout, Boolean async, CancellationToken cancellationToken)&#xD;
   at Npgsql.Internal.NpgsqlConnector.Open(NpgsqlTimeout timeout, Boolean async, CancellationToken cancellationToken)&#xD;
   at Npgsql.PoolingDataSource.OpenNewConnector(NpgsqlConnection conn, NpgsqlTimeout timeout, Boolean async, CancellationToken cancellationToken)&#xD;
   at Npgsql.NpgsqlMultiHostDataSource.TryGetIdleOrNew(NpgsqlConnection conn, TimeSpan timeoutPerHost, Boolean async, TargetSessionAttributes preferredType, Func`3 stateValidator, Int32 poolIndex, IList`1 exceptions, CancellationToken cancellationToken)&#xD;
----- Inner Stack Trace -----&#xD;
   at System.Net.Sockets.Socket.AwaitableSocketAsyncEventArgs.ThrowException(SocketError error, CancellationToken cancellationToken)&#xD;
   at System.Net.Sockets.Socket.AwaitableSocketAsyncEventArgs.System.Threading.Tasks.Sources.IValueTaskSource.GetResult(Int16 token)&#xD;
   at System.Net.Sockets.Socket.&lt;ConnectAsync&gt;g__WaitForConnectWithCancellation|285_0(AwaitableSocketAsyncEventArgs saea, ValueTask connectTask, CancellationToken cancellationToken)&#xD;
   at Npgsql.TaskTimeoutAndCancellation.ExecuteAsync(Func`2 getTaskFunc, NpgsqlTimeout timeout, CancellationToken cancellationToken)&#xD;
   at Npgsql.Internal.NpgsqlConnector.ConnectAsync(NpgsqlTimeout timeout, CancellationToken cancellationToken)</StackTrace>
        </ErrorInfo>
      </Output>
    </UnitTestResult>
    <UnitTestResult executionId="cf2fc43a-49c4-48e6-a06e-80b260d70e0a" testId="8a15dbd9-915f-33d6-0a1d-7a48e99d395d" testName="AgeDigitalTwins.Test.BatchDigitalTwinTests.CreateOrReplaceDigitalTwinsAsync_WithOversizedBatch_ShouldThrowException" computerName="C3YHK9C3" duration="00:00:00.0010000" startTime="2025-07-16T11:11:42.4324814+02:00" endTime="2025-07-16T11:11:46.5028365+02:00" testType="13cdc9d9-ddb5-4fa4-a97d-d965ccfc6d4b" outcome="Failed" testListId="8c84fa94-04c1-424b-9868-57a2d4851a1d" relativeResultsDirectory="cf2fc43a-49c4-48e6-a06e-80b260d70e0a">
      <Output>
        <ErrorInfo>
          <Message>Npgsql.NpgsqlException : Unable to connect to a suitable host. Check inner exception for more details.&#xD;
---- System.AggregateException : One or more errors occurred. (Failed to connect to 127.0.0.1:5432)&#xD;
-------- Npgsql.NpgsqlException : Failed to connect to 127.0.0.1:5432&#xD;
------------ System.Net.Sockets.SocketException : No connection could be made because the target machine actively refused it.</Message>
          <StackTrace>   at Npgsql.NpgsqlMultiHostDataSource.Get(NpgsqlConnection conn, NpgsqlTimeout timeout, Boolean async, CancellationToken cancellationToken)&#xD;
   at Npgsql.NpgsqlConnection.&lt;Open&gt;g__OpenAsync|42_0(Boolean async, CancellationToken cancellationToken)&#xD;
   at Npgsql.NpgsqlDataSource.OpenConnectionAsync(CancellationToken cancellationToken)&#xD;
   at Npgsql.NpgsqlDataSource.OpenConnectionAsync(CancellationToken cancellationToken)&#xD;
   at AgeDigitalTwins.Jobs.JobService.InitializeSchemaAsync() in C:\Users\NRaes\Dev\pg-age-digitaltwins\src\AgeDigitalTwins\Jobs\JobService.cs:line 438&#xD;
   at AgeDigitalTwins.Jobs.JobService..ctor(NpgsqlMultiHostDataSource dataSource, String graphName, ILogger logger) in C:\Users\NRaes\Dev\pg-age-digitaltwins\src\AgeDigitalTwins\Jobs\JobService.cs:line 37&#xD;
   at AgeDigitalTwins.AgeDigitalTwinsClient..ctor(NpgsqlMultiHostDataSource dataSource, AgeDigitalTwinsClientOptions options) in C:\Users\NRaes\Dev\pg-age-digitaltwins\src\AgeDigitalTwins\AgeDigitalTwinsClient.cs:line 61&#xD;
   at AgeDigitalTwins.Test.TestBase..ctor() in C:\Users\NRaes\Dev\pg-age-digitaltwins\src\AgeDigitalTwins.Test\TestBase.cs:line 29&#xD;
   at AgeDigitalTwins.Test.BatchDigitalTwinTests..ctor(ITestOutputHelper output) in C:\Users\NRaes\Dev\pg-age-digitaltwins\src\AgeDigitalTwins.Test\BatchDigitalTwinTests.cs:line 17&#xD;
   at InvokeStub_BatchDigitalTwinTests..ctor(Object, Span`1)&#xD;
   at System.Reflection.MethodBaseInvoker.InvokeWithOneArg(Object obj, BindingFlags invokeAttr, Binder binder, Object[] parameters, CultureInfo culture)&#xD;
----- Inner Stack Trace -----&#xD;
&#xD;
----- Inner Stack Trace -----&#xD;
   at Npgsql.Internal.NpgsqlConnector.ConnectAsync(NpgsqlTimeout timeout, CancellationToken cancellationToken)&#xD;
   at Npgsql.Internal.NpgsqlConnector.RawOpen(SslMode sslMode, NpgsqlTimeout timeout, Boolean async, CancellationToken cancellationToken)&#xD;
   at Npgsql.Internal.NpgsqlConnector.&lt;Open&gt;g__OpenCore|214_1(NpgsqlConnector conn, SslMode sslMode, NpgsqlTimeout timeout, Boolean async, CancellationToken cancellationToken)&#xD;
   at Npgsql.Internal.NpgsqlConnector.Open(NpgsqlTimeout timeout, Boolean async, CancellationToken cancellationToken)&#xD;
   at Npgsql.PoolingDataSource.OpenNewConnector(NpgsqlConnection conn, NpgsqlTimeout timeout, Boolean async, CancellationToken cancellationToken)&#xD;
   at Npgsql.NpgsqlMultiHostDataSource.TryGetIdleOrNew(NpgsqlConnection conn, TimeSpan timeoutPerHost, Boolean async, TargetSessionAttributes preferredType, Func`3 stateValidator, Int32 poolIndex, IList`1 exceptions, CancellationToken cancellationToken)&#xD;
----- Inner Stack Trace -----&#xD;
   at System.Net.Sockets.Socket.AwaitableSocketAsyncEventArgs.ThrowException(SocketError error, CancellationToken cancellationToken)&#xD;
   at System.Net.Sockets.Socket.AwaitableSocketAsyncEventArgs.System.Threading.Tasks.Sources.IValueTaskSource.GetResult(Int16 token)&#xD;
   at System.Net.Sockets.Socket.&lt;ConnectAsync&gt;g__WaitForConnectWithCancellation|285_0(AwaitableSocketAsyncEventArgs saea, ValueTask connectTask, CancellationToken cancellationToken)&#xD;
   at Npgsql.TaskTimeoutAndCancellation.ExecuteAsync(Func`2 getTaskFunc, NpgsqlTimeout timeout, CancellationToken cancellationToken)&#xD;
   at Npgsql.Internal.NpgsqlConnector.ConnectAsync(NpgsqlTimeout timeout, CancellationToken cancellationToken)</StackTrace>
        </ErrorInfo>
      </Output>
    </UnitTestResult>
    <UnitTestResult executionId="313fa72e-99cb-4ffe-8fda-f7a9088ebf12" testId="9ceb341c-a871-fa54-7137-f4ba5e90d9d8" testName="AgeDigitalTwins.Test.QueryTests.QueryAsync_IsOfModel_ReturnsOnlyPlanets" computerName="C3YHK9C3" duration="00:00:00.0010000" startTime="2025-07-16T11:11:42.4361519+02:00" endTime="2025-07-16T11:11:46.5168006+02:00" testType="13cdc9d9-ddb5-4fa4-a97d-d965ccfc6d4b" outcome="Failed" testListId="8c84fa94-04c1-424b-9868-57a2d4851a1d" relativeResultsDirectory="313fa72e-99cb-4ffe-8fda-f7a9088ebf12">
      <Output>
        <ErrorInfo>
          <Message>Npgsql.NpgsqlException : Unable to connect to a suitable host. Check inner exception for more details.&#xD;
---- System.AggregateException : One or more errors occurred. (Failed to connect to 127.0.0.1:5432)&#xD;
-------- Npgsql.NpgsqlException : Failed to connect to 127.0.0.1:5432&#xD;
------------ System.Net.Sockets.SocketException : No connection could be made because the target machine actively refused it.</Message>
          <StackTrace>   at Npgsql.NpgsqlMultiHostDataSource.Get(NpgsqlConnection conn, NpgsqlTimeout timeout, Boolean async, CancellationToken cancellationToken)&#xD;
   at Npgsql.NpgsqlConnection.&lt;Open&gt;g__OpenAsync|42_0(Boolean async, CancellationToken cancellationToken)&#xD;
   at Npgsql.NpgsqlDataSource.OpenConnectionAsync(CancellationToken cancellationToken)&#xD;
   at Npgsql.NpgsqlDataSource.OpenConnectionAsync(CancellationToken cancellationToken)&#xD;
   at AgeDigitalTwins.Jobs.JobService.InitializeSchemaAsync() in C:\Users\NRaes\Dev\pg-age-digitaltwins\src\AgeDigitalTwins\Jobs\JobService.cs:line 438&#xD;
   at AgeDigitalTwins.Jobs.JobService..ctor(NpgsqlMultiHostDataSource dataSource, String graphName, ILogger logger) in C:\Users\NRaes\Dev\pg-age-digitaltwins\src\AgeDigitalTwins\Jobs\JobService.cs:line 37&#xD;
   at AgeDigitalTwins.AgeDigitalTwinsClient..ctor(NpgsqlMultiHostDataSource dataSource, AgeDigitalTwinsClientOptions options) in C:\Users\NRaes\Dev\pg-age-digitaltwins\src\AgeDigitalTwins\AgeDigitalTwinsClient.cs:line 61&#xD;
   at AgeDigitalTwins.Test.TestBase..ctor() in C:\Users\NRaes\Dev\pg-age-digitaltwins\src\AgeDigitalTwins.Test\TestBase.cs:line 29&#xD;
   at AgeDigitalTwins.Test.QueryTests..ctor()&#xD;
   at System.RuntimeType.CreateInstanceDefaultCtor(Boolean publicOnly, Boolean wrapExceptions)&#xD;
----- Inner Stack Trace -----&#xD;
&#xD;
----- Inner Stack Trace -----&#xD;
   at Npgsql.Internal.NpgsqlConnector.ConnectAsync(NpgsqlTimeout timeout, CancellationToken cancellationToken)&#xD;
   at Npgsql.Internal.NpgsqlConnector.RawOpen(SslMode sslMode, NpgsqlTimeout timeout, Boolean async, CancellationToken cancellationToken)&#xD;
   at Npgsql.Internal.NpgsqlConnector.&lt;Open&gt;g__OpenCore|214_1(NpgsqlConnector conn, SslMode sslMode, NpgsqlTimeout timeout, Boolean async, CancellationToken cancellationToken)&#xD;
   at Npgsql.Internal.NpgsqlConnector.Open(NpgsqlTimeout timeout, Boolean async, CancellationToken cancellationToken)&#xD;
   at Npgsql.PoolingDataSource.OpenNewConnector(NpgsqlConnection conn, NpgsqlTimeout timeout, Boolean async, CancellationToken cancellationToken)&#xD;
   at Npgsql.NpgsqlMultiHostDataSource.TryGetIdleOrNew(NpgsqlConnection conn, TimeSpan timeoutPerHost, Boolean async, TargetSessionAttributes preferredType, Func`3 stateValidator, Int32 poolIndex, IList`1 exceptions, CancellationToken cancellationToken)&#xD;
----- Inner Stack Trace -----&#xD;
   at System.Net.Sockets.Socket.AwaitableSocketAsyncEventArgs.ThrowException(SocketError error, CancellationToken cancellationToken)&#xD;
   at System.Net.Sockets.Socket.AwaitableSocketAsyncEventArgs.System.Threading.Tasks.Sources.IValueTaskSource.GetResult(Int16 token)&#xD;
   at System.Net.Sockets.Socket.&lt;ConnectAsync&gt;g__WaitForConnectWithCancellation|285_0(AwaitableSocketAsyncEventArgs saea, ValueTask connectTask, CancellationToken cancellationToken)&#xD;
   at Npgsql.TaskTimeoutAndCancellation.ExecuteAsync(Func`2 getTaskFunc, NpgsqlTimeout timeout, CancellationToken cancellationToken)&#xD;
   at Npgsql.Internal.NpgsqlConnector.ConnectAsync(NpgsqlTimeout timeout, CancellationToken cancellationToken)</StackTrace>
        </ErrorInfo>
      </Output>
    </UnitTestResult>
    <UnitTestResult executionId="98aa266d-fefc-44ad-bb60-057755ec6377" testId="007bb3d2-bada-9ac3-9085-2bda1709d8bc" testName="AgeDigitalTwins.Test.DigitalTwinsTests.UpdateDigitalTwinsAsync_WithObject_UpdatedAndReadable" computerName="C3YHK9C3" duration="00:00:00.0010000" startTime="2025-07-16T11:11:58.7476392+02:00" endTime="2025-07-16T11:12:03.1615251+02:00" testType="13cdc9d9-ddb5-4fa4-a97d-d965ccfc6d4b" outcome="Failed" testListId="8c84fa94-04c1-424b-9868-57a2d4851a1d" relativeResultsDirectory="98aa266d-fefc-44ad-bb60-057755ec6377">
      <Output>
        <ErrorInfo>
          <Message>Npgsql.PostgresException : 28P01: password authentication failed for user "app"</Message>
          <StackTrace>   at Npgsql.NpgsqlMultiHostDataSource.Get(NpgsqlConnection conn, NpgsqlTimeout timeout, Boolean async, CancellationToken cancellationToken)&#xD;
   at Npgsql.NpgsqlConnection.&lt;Open&gt;g__OpenAsync|42_0(Boolean async, CancellationToken cancellationToken)&#xD;
   at Npgsql.NpgsqlDataSource.OpenConnectionAsync(CancellationToken cancellationToken)&#xD;
   at Npgsql.NpgsqlDataSource.OpenConnectionAsync(CancellationToken cancellationToken)&#xD;
   at AgeDigitalTwins.Jobs.JobService.InitializeSchemaAsync() in C:\Users\NRaes\Dev\pg-age-digitaltwins\src\AgeDigitalTwins\Jobs\JobService.cs:line 438&#xD;
   at AgeDigitalTwins.Jobs.JobService..ctor(NpgsqlMultiHostDataSource dataSource, String graphName, ILogger logger) in C:\Users\NRaes\Dev\pg-age-digitaltwins\src\AgeDigitalTwins\Jobs\JobService.cs:line 37&#xD;
   at AgeDigitalTwins.AgeDigitalTwinsClient..ctor(NpgsqlMultiHostDataSource dataSource, AgeDigitalTwinsClientOptions options) in C:\Users\NRaes\Dev\pg-age-digitaltwins\src\AgeDigitalTwins\AgeDigitalTwinsClient.cs:line 61&#xD;
   at AgeDigitalTwins.Test.TestBase..ctor() in C:\Users\NRaes\Dev\pg-age-digitaltwins\src\AgeDigitalTwins.Test\TestBase.cs:line 29&#xD;
   at AgeDigitalTwins.Test.DigitalTwinsTests..ctor(ITestOutputHelper output) in C:\Users\NRaes\Dev\pg-age-digitaltwins\src\AgeDigitalTwins.Test\DigitalTwinsTests.cs:line 16&#xD;
   at InvokeStub_DigitalTwinsTests..ctor(Object, Span`1)&#xD;
   at System.Reflection.MethodBaseInvoker.InvokeWithOneArg(Object obj, BindingFlags invokeAttr, Binder binder, Object[] parameters, CultureInfo culture)</StackTrace>
        </ErrorInfo>
      </Output>
    </UnitTestResult>
    <UnitTestResult executionId="ca91ed8b-0d6d-4e43-b4bc-60001b9bd0f3" testId="aa056e05-fb0b-b191-e5ef-c3daaf0216e3" testName="AgeDigitalTwins.Test.DistributedLockingTests.IsJobLockedByCurrentInstanceAsync_ShouldReturnFalse_WhenLockIsNotOwned" computerName="C3YHK9C3" duration="00:00:00.0010000" startTime="2025-07-16T11:12:03.8680128+02:00" endTime="2025-07-16T11:12:04.5318283+02:00" testType="13cdc9d9-ddb5-4fa4-a97d-d965ccfc6d4b" outcome="Failed" testListId="8c84fa94-04c1-424b-9868-57a2d4851a1d" relativeResultsDirectory="ca91ed8b-0d6d-4e43-b4bc-60001b9bd0f3">
      <Output>
        <ErrorInfo>
          <Message>Npgsql.PostgresException : 28P01: password authentication failed for user "app"</Message>
          <StackTrace>   at Npgsql.NpgsqlMultiHostDataSource.Get(NpgsqlConnection conn, NpgsqlTimeout timeout, Boolean async, CancellationToken cancellationToken)&#xD;
   at Npgsql.NpgsqlConnection.&lt;Open&gt;g__OpenAsync|42_0(Boolean async, CancellationToken cancellationToken)&#xD;
   at Npgsql.NpgsqlDataSource.OpenConnectionAsync(CancellationToken cancellationToken)&#xD;
   at Npgsql.NpgsqlDataSource.OpenConnectionAsync(CancellationToken cancellationToken)&#xD;
   at AgeDigitalTwins.Jobs.JobService.InitializeSchemaAsync() in C:\Users\NRaes\Dev\pg-age-digitaltwins\src\AgeDigitalTwins\Jobs\JobService.cs:line 438&#xD;
   at AgeDigitalTwins.Jobs.JobService..ctor(NpgsqlMultiHostDataSource dataSource, String graphName, ILogger logger) in C:\Users\NRaes\Dev\pg-age-digitaltwins\src\AgeDigitalTwins\Jobs\JobService.cs:line 37&#xD;
   at AgeDigitalTwins.AgeDigitalTwinsClient..ctor(NpgsqlMultiHostDataSource dataSource, AgeDigitalTwinsClientOptions options) in C:\Users\NRaes\Dev\pg-age-digitaltwins\src\AgeDigitalTwins\AgeDigitalTwinsClient.cs:line 61&#xD;
   at AgeDigitalTwins.Test.TestBase..ctor() in C:\Users\NRaes\Dev\pg-age-digitaltwins\src\AgeDigitalTwins.Test\TestBase.cs:line 29&#xD;
   at AgeDigitalTwins.Test.DistributedLockingTests..ctor()&#xD;
   at System.RuntimeType.CreateInstanceDefaultCtor(Boolean publicOnly, Boolean wrapExceptions)</StackTrace>
        </ErrorInfo>
      </Output>
    </UnitTestResult>
    <UnitTestResult executionId="5c8c05d2-aa1b-4782-bac6-c0708a8d3814" testId="2cb56f9b-93f4-0199-b6a1-fac2f541fe3b" testName="AgeDigitalTwins.Test.ImportJobSystemTests.DeleteImportJob_ShouldReturnTrue_WhenJobExists" computerName="C3YHK9C3" duration="00:00:00.0010000" startTime="2025-07-16T11:11:54.6602589+02:00" endTime="2025-07-16T11:11:58.7326349+02:00" testType="13cdc9d9-ddb5-4fa4-a97d-d965ccfc6d4b" outcome="Failed" testListId="8c84fa94-04c1-424b-9868-57a2d4851a1d" relativeResultsDirectory="5c8c05d2-aa1b-4782-bac6-c0708a8d3814">
      <Output>
        <ErrorInfo>
          <Message>Npgsql.NpgsqlException : Unable to connect to a suitable host. Check inner exception for more details.&#xD;
---- System.AggregateException : One or more errors occurred. (Failed to connect to 127.0.0.1:5432)&#xD;
-------- Npgsql.NpgsqlException : Failed to connect to 127.0.0.1:5432&#xD;
------------ System.Net.Sockets.SocketException : No connection could be made because the target machine actively refused it.</Message>
          <StackTrace>   at Npgsql.NpgsqlMultiHostDataSource.Get(NpgsqlConnection conn, NpgsqlTimeout timeout, Boolean async, CancellationToken cancellationToken)&#xD;
   at Npgsql.NpgsqlConnection.&lt;Open&gt;g__OpenAsync|42_0(Boolean async, CancellationToken cancellationToken)&#xD;
   at Npgsql.NpgsqlDataSource.OpenConnectionAsync(CancellationToken cancellationToken)&#xD;
   at Npgsql.NpgsqlDataSource.OpenConnectionAsync(CancellationToken cancellationToken)&#xD;
   at AgeDigitalTwins.Jobs.JobService.InitializeSchemaAsync() in C:\Users\NRaes\Dev\pg-age-digitaltwins\src\AgeDigitalTwins\Jobs\JobService.cs:line 438&#xD;
   at AgeDigitalTwins.Jobs.JobService..ctor(NpgsqlMultiHostDataSource dataSource, String graphName, ILogger logger) in C:\Users\NRaes\Dev\pg-age-digitaltwins\src\AgeDigitalTwins\Jobs\JobService.cs:line 37&#xD;
   at AgeDigitalTwins.AgeDigitalTwinsClient..ctor(NpgsqlMultiHostDataSource dataSource, AgeDigitalTwinsClientOptions options) in C:\Users\NRaes\Dev\pg-age-digitaltwins\src\AgeDigitalTwins\AgeDigitalTwinsClient.cs:line 61&#xD;
   at AgeDigitalTwins.Test.TestBase..ctor() in C:\Users\NRaes\Dev\pg-age-digitaltwins\src\AgeDigitalTwins.Test\TestBase.cs:line 29&#xD;
   at AgeDigitalTwins.Test.ImportJobSystemTests..ctor(ITestOutputHelper output) in C:\Users\NRaes\Dev\pg-age-digitaltwins\src\AgeDigitalTwins.Test\JobServiceTests.cs:line 34&#xD;
   at InvokeStub_ImportJobSystemTests..ctor(Object, Span`1)&#xD;
   at System.Reflection.MethodBaseInvoker.InvokeWithOneArg(Object obj, BindingFlags invokeAttr, Binder binder, Object[] parameters, CultureInfo culture)&#xD;
----- Inner Stack Trace -----&#xD;
&#xD;
----- Inner Stack Trace -----&#xD;
   at Npgsql.Internal.NpgsqlConnector.ConnectAsync(NpgsqlTimeout timeout, CancellationToken cancellationToken)&#xD;
   at Npgsql.Internal.NpgsqlConnector.RawOpen(SslMode sslMode, NpgsqlTimeout timeout, Boolean async, CancellationToken cancellationToken)&#xD;
   at Npgsql.Internal.NpgsqlConnector.&lt;Open&gt;g__OpenCore|214_1(NpgsqlConnector conn, SslMode sslMode, NpgsqlTimeout timeout, Boolean async, CancellationToken cancellationToken)&#xD;
   at Npgsql.Internal.NpgsqlConnector.Open(NpgsqlTimeout timeout, Boolean async, CancellationToken cancellationToken)&#xD;
   at Npgsql.PoolingDataSource.OpenNewConnector(NpgsqlConnection conn, NpgsqlTimeout timeout, Boolean async, CancellationToken cancellationToken)&#xD;
   at Npgsql.NpgsqlMultiHostDataSource.TryGetIdleOrNew(NpgsqlConnection conn, TimeSpan timeoutPerHost, Boolean async, TargetSessionAttributes preferredType, Func`3 stateValidator, Int32 poolIndex, IList`1 exceptions, CancellationToken cancellationToken)&#xD;
----- Inner Stack Trace -----&#xD;
   at System.Net.Sockets.Socket.AwaitableSocketAsyncEventArgs.ThrowException(SocketError error, CancellationToken cancellationToken)&#xD;
   at System.Net.Sockets.Socket.AwaitableSocketAsyncEventArgs.System.Threading.Tasks.Sources.IValueTaskSource.GetResult(Int16 token)&#xD;
   at System.Net.Sockets.Socket.&lt;ConnectAsync&gt;g__WaitForConnectWithCancellation|285_0(AwaitableSocketAsyncEventArgs saea, ValueTask connectTask, CancellationToken cancellationToken)&#xD;
   at Npgsql.TaskTimeoutAndCancellation.ExecuteAsync(Func`2 getTaskFunc, NpgsqlTimeout timeout, CancellationToken cancellationToken)&#xD;
   at Npgsql.Internal.NpgsqlConnector.ConnectAsync(NpgsqlTimeout timeout, CancellationToken cancellationToken)</StackTrace>
        </ErrorInfo>
      </Output>
    </UnitTestResult>
    <UnitTestResult executionId="be97bfc9-6433-4491-954f-521eda95c4ce" testId="e165838f-0dd9-dff2-7c57-576c57aa82c3" testName="AgeDigitalTwins.Test.ImportJobTests.Client_ListImportJobs_ShouldReturnAllJobs" computerName="C3YHK9C3" duration="00:00:00.0010000" startTime="2025-07-16T11:11:50.6047209+02:00" endTime="2025-07-16T11:11:54.6463840+02:00" testType="13cdc9d9-ddb5-4fa4-a97d-d965ccfc6d4b" outcome="Failed" testListId="8c84fa94-04c1-424b-9868-57a2d4851a1d" relativeResultsDirectory="be97bfc9-6433-4491-954f-521eda95c4ce">
      <Output>
        <ErrorInfo>
          <Message>Npgsql.NpgsqlException : Unable to connect to a suitable host. Check inner exception for more details.&#xD;
---- System.AggregateException : One or more errors occurred. (Failed to connect to 127.0.0.1:5432)&#xD;
-------- Npgsql.NpgsqlException : Failed to connect to 127.0.0.1:5432&#xD;
------------ System.Net.Sockets.SocketException : No connection could be made because the target machine actively refused it.</Message>
          <StackTrace>   at Npgsql.NpgsqlMultiHostDataSource.Get(NpgsqlConnection conn, NpgsqlTimeout timeout, Boolean async, CancellationToken cancellationToken)&#xD;
   at Npgsql.NpgsqlConnection.&lt;Open&gt;g__OpenAsync|42_0(Boolean async, CancellationToken cancellationToken)&#xD;
   at Npgsql.NpgsqlDataSource.OpenConnectionAsync(CancellationToken cancellationToken)&#xD;
   at Npgsql.NpgsqlDataSource.OpenConnectionAsync(CancellationToken cancellationToken)&#xD;
   at AgeDigitalTwins.Jobs.JobService.InitializeSchemaAsync() in C:\Users\NRaes\Dev\pg-age-digitaltwins\src\AgeDigitalTwins\Jobs\JobService.cs:line 438&#xD;
   at AgeDigitalTwins.Jobs.JobService..ctor(NpgsqlMultiHostDataSource dataSource, String graphName, ILogger logger) in C:\Users\NRaes\Dev\pg-age-digitaltwins\src\AgeDigitalTwins\Jobs\JobService.cs:line 37&#xD;
   at AgeDigitalTwins.AgeDigitalTwinsClient..ctor(NpgsqlMultiHostDataSource dataSource, AgeDigitalTwinsClientOptions options) in C:\Users\NRaes\Dev\pg-age-digitaltwins\src\AgeDigitalTwins\AgeDigitalTwinsClient.cs:line 61&#xD;
   at AgeDigitalTwins.Test.TestBase..ctor() in C:\Users\NRaes\Dev\pg-age-digitaltwins\src\AgeDigitalTwins.Test\TestBase.cs:line 29&#xD;
   at AgeDigitalTwins.Test.ImportJobTests..ctor(ITestOutputHelper output) in C:\Users\NRaes\Dev\pg-age-digitaltwins\src\AgeDigitalTwins.Test\ImportJobTests.cs:line 16&#xD;
   at InvokeStub_ImportJobTests..ctor(Object, Span`1)&#xD;
   at System.Reflection.MethodBaseInvoker.InvokeWithOneArg(Object obj, BindingFlags invokeAttr, Binder binder, Object[] parameters, CultureInfo culture)&#xD;
----- Inner Stack Trace -----&#xD;
&#xD;
----- Inner Stack Trace -----&#xD;
   at Npgsql.Internal.NpgsqlConnector.ConnectAsync(NpgsqlTimeout timeout, CancellationToken cancellationToken)&#xD;
   at Npgsql.Internal.NpgsqlConnector.RawOpen(SslMode sslMode, NpgsqlTimeout timeout, Boolean async, CancellationToken cancellationToken)&#xD;
   at Npgsql.Internal.NpgsqlConnector.&lt;Open&gt;g__OpenCore|214_1(NpgsqlConnector conn, SslMode sslMode, NpgsqlTimeout timeout, Boolean async, CancellationToken cancellationToken)&#xD;
   at Npgsql.Internal.NpgsqlConnector.Open(NpgsqlTimeout timeout, Boolean async, CancellationToken cancellationToken)&#xD;
   at Npgsql.PoolingDataSource.OpenNewConnector(NpgsqlConnection conn, NpgsqlTimeout timeout, Boolean async, CancellationToken cancellationToken)&#xD;
   at Npgsql.NpgsqlMultiHostDataSource.TryGetIdleOrNew(NpgsqlConnection conn, TimeSpan timeoutPerHost, Boolean async, TargetSessionAttributes preferredType, Func`3 stateValidator, Int32 poolIndex, IList`1 exceptions, CancellationToken cancellationToken)&#xD;
----- Inner Stack Trace -----&#xD;
   at System.Net.Sockets.Socket.AwaitableSocketAsyncEventArgs.ThrowException(SocketError error, CancellationToken cancellationToken)&#xD;
   at System.Net.Sockets.Socket.AwaitableSocketAsyncEventArgs.System.Threading.Tasks.Sources.IValueTaskSource.GetResult(Int16 token)&#xD;
   at System.Net.Sockets.Socket.&lt;ConnectAsync&gt;g__WaitForConnectWithCancellation|285_0(AwaitableSocketAsyncEventArgs saea, ValueTask connectTask, CancellationToken cancellationToken)&#xD;
   at Npgsql.TaskTimeoutAndCancellation.ExecuteAsync(Func`2 getTaskFunc, NpgsqlTimeout timeout, CancellationToken cancellationToken)&#xD;
   at Npgsql.Internal.NpgsqlConnector.ConnectAsync(NpgsqlTimeout timeout, CancellationToken cancellationToken)</StackTrace>
        </ErrorInfo>
      </Output>
    </UnitTestResult>
    <UnitTestResult executionId="2067f515-3a4c-400f-ad46-764fb866fa05" testId="bfa65dfc-f7b0-03c8-147b-3ffcd1932843" testName="AgeDigitalTwins.Test.ImportJobTests.Client_ImportGraphAsync_WithDuplicateJobId_ShouldThrow" computerName="C3YHK9C3" duration="00:00:00.0010000" startTime="2025-07-16T11:12:05.1907227+02:00" endTime="2025-07-16T11:12:05.8472864+02:00" testType="13cdc9d9-ddb5-4fa4-a97d-d965ccfc6d4b" outcome="Failed" testListId="8c84fa94-04c1-424b-9868-57a2d4851a1d" relativeResultsDirectory="2067f515-3a4c-400f-ad46-764fb866fa05">
      <Output>
        <ErrorInfo>
          <Message>Npgsql.PostgresException : 28P01: password authentication failed for user "app"</Message>
          <StackTrace>   at Npgsql.NpgsqlMultiHostDataSource.Get(NpgsqlConnection conn, NpgsqlTimeout timeout, Boolean async, CancellationToken cancellationToken)&#xD;
   at Npgsql.NpgsqlConnection.&lt;Open&gt;g__OpenAsync|42_0(Boolean async, CancellationToken cancellationToken)&#xD;
   at Npgsql.NpgsqlDataSource.OpenConnectionAsync(CancellationToken cancellationToken)&#xD;
   at Npgsql.NpgsqlDataSource.OpenConnectionAsync(CancellationToken cancellationToken)&#xD;
   at AgeDigitalTwins.Jobs.JobService.InitializeSchemaAsync() in C:\Users\NRaes\Dev\pg-age-digitaltwins\src\AgeDigitalTwins\Jobs\JobService.cs:line 438&#xD;
   at AgeDigitalTwins.Jobs.JobService..ctor(NpgsqlMultiHostDataSource dataSource, String graphName, ILogger logger) in C:\Users\NRaes\Dev\pg-age-digitaltwins\src\AgeDigitalTwins\Jobs\JobService.cs:line 37&#xD;
   at AgeDigitalTwins.AgeDigitalTwinsClient..ctor(NpgsqlMultiHostDataSource dataSource, AgeDigitalTwinsClientOptions options) in C:\Users\NRaes\Dev\pg-age-digitaltwins\src\AgeDigitalTwins\AgeDigitalTwinsClient.cs:line 61&#xD;
   at AgeDigitalTwins.Test.TestBase..ctor() in C:\Users\NRaes\Dev\pg-age-digitaltwins\src\AgeDigitalTwins.Test\TestBase.cs:line 29&#xD;
   at AgeDigitalTwins.Test.ImportJobTests..ctor(ITestOutputHelper output) in C:\Users\NRaes\Dev\pg-age-digitaltwins\src\AgeDigitalTwins.Test\ImportJobTests.cs:line 16&#xD;
   at InvokeStub_ImportJobTests..ctor(Object, Span`1)&#xD;
   at System.Reflection.MethodBaseInvoker.InvokeWithOneArg(Object obj, BindingFlags invokeAttr, Binder binder, Object[] parameters, CultureInfo culture)</StackTrace>
        </ErrorInfo>
      </Output>
    </UnitTestResult>
    <UnitTestResult executionId="beffce1c-ce65-4437-a716-d112c5638a3b" testId="3212b5a4-ad8c-4754-5b34-e9f12f57bbbb" testName="AgeDigitalTwins.Test.DistributedLockingTests.ReleaseJobLockAsync_ShouldFail_WhenLockIsNotOwned" computerName="C3YHK9C3" duration="00:00:00.0010000" startTime="2025-07-16T11:12:04.5364119+02:00" endTime="2025-07-16T11:12:05.1869325+02:00" testType="13cdc9d9-ddb5-4fa4-a97d-d965ccfc6d4b" outcome="Failed" testListId="8c84fa94-04c1-424b-9868-57a2d4851a1d" relativeResultsDirectory="beffce1c-ce65-4437-a716-d112c5638a3b">
      <Output>
        <ErrorInfo>
          <Message>Npgsql.PostgresException : 28P01: password authentication failed for user "app"</Message>
          <StackTrace>   at Npgsql.NpgsqlMultiHostDataSource.Get(NpgsqlConnection conn, NpgsqlTimeout timeout, Boolean async, CancellationToken cancellationToken)&#xD;
   at Npgsql.NpgsqlConnection.&lt;Open&gt;g__OpenAsync|42_0(Boolean async, CancellationToken cancellationToken)&#xD;
   at Npgsql.NpgsqlDataSource.OpenConnectionAsync(CancellationToken cancellationToken)&#xD;
   at Npgsql.NpgsqlDataSource.OpenConnectionAsync(CancellationToken cancellationToken)&#xD;
   at AgeDigitalTwins.Jobs.JobService.InitializeSchemaAsync() in C:\Users\NRaes\Dev\pg-age-digitaltwins\src\AgeDigitalTwins\Jobs\JobService.cs:line 438&#xD;
   at AgeDigitalTwins.Jobs.JobService..ctor(NpgsqlMultiHostDataSource dataSource, String graphName, ILogger logger) in C:\Users\NRaes\Dev\pg-age-digitaltwins\src\AgeDigitalTwins\Jobs\JobService.cs:line 37&#xD;
   at AgeDigitalTwins.AgeDigitalTwinsClient..ctor(NpgsqlMultiHostDataSource dataSource, AgeDigitalTwinsClientOptions options) in C:\Users\NRaes\Dev\pg-age-digitaltwins\src\AgeDigitalTwins\AgeDigitalTwinsClient.cs:line 61&#xD;
   at AgeDigitalTwins.Test.TestBase..ctor() in C:\Users\NRaes\Dev\pg-age-digitaltwins\src\AgeDigitalTwins.Test\TestBase.cs:line 29&#xD;
   at AgeDigitalTwins.Test.DistributedLockingTests..ctor()&#xD;
   at System.RuntimeType.CreateInstanceDefaultCtor(Boolean publicOnly, Boolean wrapExceptions)</StackTrace>
        </ErrorInfo>
      </Output>
    </UnitTestResult>
    <UnitTestResult executionId="c8e6600e-c314-4c9c-b251-a503aff73be2" testId="33cbc90f-3f22-7603-b21b-f1ce92149c54" testName="AgeDigitalTwins.Test.DigitalTwinsTests.UpdateDigitalTwinAsync_AddOperationPrimitive_Updated" computerName="C3YHK9C3" duration="00:00:00.0010000" startTime="2025-07-16T11:12:03.8679856+02:00" endTime="2025-07-16T11:12:04.5334991+02:00" testType="13cdc9d9-ddb5-4fa4-a97d-d965ccfc6d4b" outcome="Failed" testListId="8c84fa94-04c1-424b-9868-57a2d4851a1d" relativeResultsDirectory="c8e6600e-c314-4c9c-b251-a503aff73be2">
      <Output>
        <ErrorInfo>
          <Message>Npgsql.PostgresException : 28P01: password authentication failed for user "app"</Message>
          <StackTrace>   at Npgsql.NpgsqlMultiHostDataSource.Get(NpgsqlConnection conn, NpgsqlTimeout timeout, Boolean async, CancellationToken cancellationToken)&#xD;
   at Npgsql.NpgsqlConnection.&lt;Open&gt;g__OpenAsync|42_0(Boolean async, CancellationToken cancellationToken)&#xD;
   at Npgsql.NpgsqlDataSource.OpenConnectionAsync(CancellationToken cancellationToken)&#xD;
   at Npgsql.NpgsqlDataSource.OpenConnectionAsync(CancellationToken cancellationToken)&#xD;
   at AgeDigitalTwins.Jobs.JobService.InitializeSchemaAsync() in C:\Users\NRaes\Dev\pg-age-digitaltwins\src\AgeDigitalTwins\Jobs\JobService.cs:line 438&#xD;
   at AgeDigitalTwins.Jobs.JobService..ctor(NpgsqlMultiHostDataSource dataSource, String graphName, ILogger logger) in C:\Users\NRaes\Dev\pg-age-digitaltwins\src\AgeDigitalTwins\Jobs\JobService.cs:line 37&#xD;
   at AgeDigitalTwins.AgeDigitalTwinsClient..ctor(NpgsqlMultiHostDataSource dataSource, AgeDigitalTwinsClientOptions options) in C:\Users\NRaes\Dev\pg-age-digitaltwins\src\AgeDigitalTwins\AgeDigitalTwinsClient.cs:line 61&#xD;
   at AgeDigitalTwins.Test.TestBase..ctor() in C:\Users\NRaes\Dev\pg-age-digitaltwins\src\AgeDigitalTwins.Test\TestBase.cs:line 29&#xD;
   at AgeDigitalTwins.Test.DigitalTwinsTests..ctor(ITestOutputHelper output) in C:\Users\NRaes\Dev\pg-age-digitaltwins\src\AgeDigitalTwins.Test\DigitalTwinsTests.cs:line 16&#xD;
   at InvokeStub_DigitalTwinsTests..ctor(Object, Span`1)&#xD;
   at System.Reflection.MethodBaseInvoker.InvokeWithOneArg(Object obj, BindingFlags invokeAttr, Binder binder, Object[] parameters, CultureInfo culture)</StackTrace>
        </ErrorInfo>
      </Output>
    </UnitTestResult>
    <UnitTestResult executionId="a6b1fd14-9de2-48dd-be94-52da3104ee2d" testId="93ffc443-a97a-42b8-a64f-2379e26c6113" testName="AgeDigitalTwins.Test.DistributedLockingTests.GetJobLockInfoAsync_ShouldReturnLockInfo_WhenLockExists" computerName="C3YHK9C3" duration="00:00:00.0010000" startTime="2025-07-16T11:12:05.8471945+02:00" endTime="2025-07-16T11:12:06.4790692+02:00" testType="13cdc9d9-ddb5-4fa4-a97d-d965ccfc6d4b" outcome="Failed" testListId="8c84fa94-04c1-424b-9868-57a2d4851a1d" relativeResultsDirectory="a6b1fd14-9de2-48dd-be94-52da3104ee2d">
      <Output>
        <ErrorInfo>
          <Message>Npgsql.PostgresException : 28P01: password authentication failed for user "app"</Message>
          <StackTrace>   at Npgsql.NpgsqlMultiHostDataSource.Get(NpgsqlConnection conn, NpgsqlTimeout timeout, Boolean async, CancellationToken cancellationToken)&#xD;
   at Npgsql.NpgsqlConnection.&lt;Open&gt;g__OpenAsync|42_0(Boolean async, CancellationToken cancellationToken)&#xD;
   at Npgsql.NpgsqlDataSource.OpenConnectionAsync(CancellationToken cancellationToken)&#xD;
   at Npgsql.NpgsqlDataSource.OpenConnectionAsync(CancellationToken cancellationToken)&#xD;
   at AgeDigitalTwins.Jobs.JobService.InitializeSchemaAsync() in C:\Users\NRaes\Dev\pg-age-digitaltwins\src\AgeDigitalTwins\Jobs\JobService.cs:line 438&#xD;
   at AgeDigitalTwins.Jobs.JobService..ctor(NpgsqlMultiHostDataSource dataSource, String graphName, ILogger logger) in C:\Users\NRaes\Dev\pg-age-digitaltwins\src\AgeDigitalTwins\Jobs\JobService.cs:line 37&#xD;
   at AgeDigitalTwins.AgeDigitalTwinsClient..ctor(NpgsqlMultiHostDataSource dataSource, AgeDigitalTwinsClientOptions options) in C:\Users\NRaes\Dev\pg-age-digitaltwins\src\AgeDigitalTwins\AgeDigitalTwinsClient.cs:line 61&#xD;
   at AgeDigitalTwins.Test.TestBase..ctor() in C:\Users\NRaes\Dev\pg-age-digitaltwins\src\AgeDigitalTwins.Test\TestBase.cs:line 29&#xD;
   at AgeDigitalTwins.Test.DistributedLockingTests..ctor()&#xD;
   at System.RuntimeType.CreateInstanceDefaultCtor(Boolean publicOnly, Boolean wrapExceptions)</StackTrace>
        </ErrorInfo>
      </Output>
    </UnitTestResult>
    <UnitTestResult executionId="c3c3aa76-c587-47ee-959c-59dc623f1eac" testId="ae55ef44-3dbf-f4c4-6ad1-6cbf77091d3b" testName="AgeDigitalTwins.Test.DigitalTwinsTests.CreateOrReplaceDigitalTwinAsync_BasicDigitalTwinWithWeirdcharacters_CreatedAndReadable" computerName="C3YHK9C3" duration="00:00:00.0010000" startTime="2025-07-16T11:12:04.5364515+02:00" endTime="2025-07-16T11:12:05.1907808+02:00" testType="13cdc9d9-ddb5-4fa4-a97d-d965ccfc6d4b" outcome="Failed" testListId="8c84fa94-04c1-424b-9868-57a2d4851a1d" relativeResultsDirectory="c3c3aa76-c587-47ee-959c-59dc623f1eac">
      <Output>
        <ErrorInfo>
          <Message>Npgsql.PostgresException : 28P01: password authentication failed for user "app"</Message>
          <StackTrace>   at Npgsql.NpgsqlMultiHostDataSource.Get(NpgsqlConnection conn, NpgsqlTimeout timeout, Boolean async, CancellationToken cancellationToken)&#xD;
   at Npgsql.NpgsqlConnection.&lt;Open&gt;g__OpenAsync|42_0(Boolean async, CancellationToken cancellationToken)&#xD;
   at Npgsql.NpgsqlDataSource.OpenConnectionAsync(CancellationToken cancellationToken)&#xD;
   at Npgsql.NpgsqlDataSource.OpenConnectionAsync(CancellationToken cancellationToken)&#xD;
   at AgeDigitalTwins.Jobs.JobService.InitializeSchemaAsync() in C:\Users\NRaes\Dev\pg-age-digitaltwins\src\AgeDigitalTwins\Jobs\JobService.cs:line 438&#xD;
   at AgeDigitalTwins.Jobs.JobService..ctor(NpgsqlMultiHostDataSource dataSource, String graphName, ILogger logger) in C:\Users\NRaes\Dev\pg-age-digitaltwins\src\AgeDigitalTwins\Jobs\JobService.cs:line 37&#xD;
   at AgeDigitalTwins.AgeDigitalTwinsClient..ctor(NpgsqlMultiHostDataSource dataSource, AgeDigitalTwinsClientOptions options) in C:\Users\NRaes\Dev\pg-age-digitaltwins\src\AgeDigitalTwins\AgeDigitalTwinsClient.cs:line 61&#xD;
   at AgeDigitalTwins.Test.TestBase..ctor() in C:\Users\NRaes\Dev\pg-age-digitaltwins\src\AgeDigitalTwins.Test\TestBase.cs:line 29&#xD;
   at AgeDigitalTwins.Test.DigitalTwinsTests..ctor(ITestOutputHelper output) in C:\Users\NRaes\Dev\pg-age-digitaltwins\src\AgeDigitalTwins.Test\DigitalTwinsTests.cs:line 16&#xD;
   at InvokeStub_DigitalTwinsTests..ctor(Object, Span`1)&#xD;
   at System.Reflection.MethodBaseInvoker.InvokeWithOneArg(Object obj, BindingFlags invokeAttr, Binder binder, Object[] parameters, CultureInfo culture)</StackTrace>
        </ErrorInfo>
      </Output>
    </UnitTestResult>
    <UnitTestResult executionId="9c4515ec-1cda-48a0-9f42-2a78c0b016f2" testId="a91c609f-ec06-3cbc-0b4a-b7f8cfe3e44f" testName="AgeDigitalTwins.Test.BatchRelationshipTests.CreateOrReplaceRelationshipsAsync_WithOversizedBatch_ShouldThrowException" computerName="C3YHK9C3" duration="00:00:00.0010000" startTime="2025-07-16T11:11:32.5666460+02:00" endTime="2025-07-16T11:11:38.3998173+02:00" testType="13cdc9d9-ddb5-4fa4-a97d-d965ccfc6d4b" outcome="Failed" testListId="8c84fa94-04c1-424b-9868-57a2d4851a1d" relativeResultsDirectory="9c4515ec-1cda-48a0-9f42-2a78c0b016f2">
      <Output>
        <ErrorInfo>
          <Message>Npgsql.NpgsqlException : Unable to connect to a suitable host. Check inner exception for more details.&#xD;
---- System.AggregateException : One or more errors occurred. (Failed to connect to 127.0.0.1:5432)&#xD;
-------- Npgsql.NpgsqlException : Failed to connect to 127.0.0.1:5432&#xD;
------------ System.Net.Sockets.SocketException : No connection could be made because the target machine actively refused it.</Message>
          <StackTrace>   at Npgsql.NpgsqlMultiHostDataSource.Get(NpgsqlConnection conn, NpgsqlTimeout timeout, Boolean async, CancellationToken cancellationToken)&#xD;
   at Npgsql.NpgsqlConnection.&lt;Open&gt;g__OpenAsync|42_0(Boolean async, CancellationToken cancellationToken)&#xD;
   at Npgsql.NpgsqlDataSource.OpenConnectionAsync(CancellationToken cancellationToken)&#xD;
   at Npgsql.NpgsqlDataSource.OpenConnectionAsync(CancellationToken cancellationToken)&#xD;
   at AgeDigitalTwins.Jobs.JobService.InitializeSchemaAsync() in C:\Users\NRaes\Dev\pg-age-digitaltwins\src\AgeDigitalTwins\Jobs\JobService.cs:line 438&#xD;
   at AgeDigitalTwins.Jobs.JobService..ctor(NpgsqlMultiHostDataSource dataSource, String graphName, ILogger logger) in C:\Users\NRaes\Dev\pg-age-digitaltwins\src\AgeDigitalTwins\Jobs\JobService.cs:line 37&#xD;
   at AgeDigitalTwins.AgeDigitalTwinsClient..ctor(NpgsqlMultiHostDataSource dataSource, AgeDigitalTwinsClientOptions options) in C:\Users\NRaes\Dev\pg-age-digitaltwins\src\AgeDigitalTwins\AgeDigitalTwinsClient.cs:line 61&#xD;
   at AgeDigitalTwins.Test.TestBase..ctor() in C:\Users\NRaes\Dev\pg-age-digitaltwins\src\AgeDigitalTwins.Test\TestBase.cs:line 29&#xD;
   at AgeDigitalTwins.Test.BatchRelationshipTests..ctor(ITestOutputHelper output) in C:\Users\NRaes\Dev\pg-age-digitaltwins\src\AgeDigitalTwins.Test\BatchRelationshipTests.cs:line 16&#xD;
   at System.RuntimeMethodHandle.InvokeMethod(Object target, Void** arguments, Signature sig, Boolean isConstructor)&#xD;
   at System.Reflection.MethodBaseInvoker.InvokeDirectByRefWithFewArgs(Object obj, Span`1 copyOfArgs, BindingFlags invokeAttr)&#xD;
----- Inner Stack Trace -----&#xD;
&#xD;
----- Inner Stack Trace -----&#xD;
   at Npgsql.Internal.NpgsqlConnector.ConnectAsync(NpgsqlTimeout timeout, CancellationToken cancellationToken)&#xD;
   at Npgsql.Internal.NpgsqlConnector.RawOpen(SslMode sslMode, NpgsqlTimeout timeout, Boolean async, CancellationToken cancellationToken)&#xD;
   at Npgsql.Internal.NpgsqlConnector.&lt;Open&gt;g__OpenCore|214_1(NpgsqlConnector conn, SslMode sslMode, NpgsqlTimeout timeout, Boolean async, CancellationToken cancellationToken)&#xD;
   at Npgsql.Internal.NpgsqlConnector.Open(NpgsqlTimeout timeout, Boolean async, CancellationToken cancellationToken)&#xD;
   at Npgsql.PoolingDataSource.OpenNewConnector(NpgsqlConnection conn, NpgsqlTimeout timeout, Boolean async, CancellationToken cancellationToken)&#xD;
   at Npgsql.NpgsqlMultiHostDataSource.TryGetIdleOrNew(NpgsqlConnection conn, TimeSpan timeoutPerHost, Boolean async, TargetSessionAttributes preferredType, Func`3 stateValidator, Int32 poolIndex, IList`1 exceptions, CancellationToken cancellationToken)&#xD;
----- Inner Stack Trace -----&#xD;
   at System.Net.Sockets.Socket.AwaitableSocketAsyncEventArgs.ThrowException(SocketError error, CancellationToken cancellationToken)&#xD;
   at System.Net.Sockets.Socket.AwaitableSocketAsyncEventArgs.System.Threading.Tasks.Sources.IValueTaskSource.GetResult(Int16 token)&#xD;
   at System.Net.Sockets.Socket.&lt;ConnectAsync&gt;g__WaitForConnectWithCancellation|285_0(AwaitableSocketAsyncEventArgs saea, ValueTask connectTask, CancellationToken cancellationToken)&#xD;
   at Npgsql.TaskTimeoutAndCancellation.ExecuteAsync(Func`2 getTaskFunc, NpgsqlTimeout timeout, CancellationToken cancellationToken)&#xD;
   at Npgsql.Internal.NpgsqlConnector.ConnectAsync(NpgsqlTimeout timeout, CancellationToken cancellationToken)</StackTrace>
        </ErrorInfo>
      </Output>
    </UnitTestResult>
    <UnitTestResult executionId="7e4f7880-b5a8-4555-8fdb-46e05113dd96" testId="5eb1f3aa-2d9a-e56e-135f-bc6af6834326" testName="AgeDigitalTwins.Test.ModelsTests.CreateModels_MultipleDependentModels_ValidatedAndCreated" computerName="C3YHK9C3" duration="00:00:00.0010000" startTime="2025-07-16T11:11:32.5625191+02:00" endTime="2025-07-16T11:11:38.3764547+02:00" testType="13cdc9d9-ddb5-4fa4-a97d-d965ccfc6d4b" outcome="Failed" testListId="8c84fa94-04c1-424b-9868-57a2d4851a1d" relativeResultsDirectory="7e4f7880-b5a8-4555-8fdb-46e05113dd96">
      <Output>
        <ErrorInfo>
          <Message>Npgsql.NpgsqlException : Unable to connect to a suitable host. Check inner exception for more details.&#xD;
---- System.AggregateException : One or more errors occurred. (Failed to connect to 127.0.0.1:5432)&#xD;
-------- Npgsql.NpgsqlException : Failed to connect to 127.0.0.1:5432&#xD;
------------ System.Net.Sockets.SocketException : No connection could be made because the target machine actively refused it.</Message>
          <StackTrace>   at Npgsql.NpgsqlMultiHostDataSource.Get(NpgsqlConnection conn, NpgsqlTimeout timeout, Boolean async, CancellationToken cancellationToken)&#xD;
   at Npgsql.NpgsqlConnection.&lt;Open&gt;g__OpenAsync|42_0(Boolean async, CancellationToken cancellationToken)&#xD;
   at Npgsql.NpgsqlDataSource.OpenConnectionAsync(CancellationToken cancellationToken)&#xD;
   at Npgsql.NpgsqlDataSource.OpenConnectionAsync(CancellationToken cancellationToken)&#xD;
   at AgeDigitalTwins.Jobs.JobService.InitializeSchemaAsync() in C:\Users\NRaes\Dev\pg-age-digitaltwins\src\AgeDigitalTwins\Jobs\JobService.cs:line 438&#xD;
   at AgeDigitalTwins.Jobs.JobService..ctor(NpgsqlMultiHostDataSource dataSource, String graphName, ILogger logger) in C:\Users\NRaes\Dev\pg-age-digitaltwins\src\AgeDigitalTwins\Jobs\JobService.cs:line 37&#xD;
   at AgeDigitalTwins.AgeDigitalTwinsClient..ctor(NpgsqlMultiHostDataSource dataSource, AgeDigitalTwinsClientOptions options) in C:\Users\NRaes\Dev\pg-age-digitaltwins\src\AgeDigitalTwins\AgeDigitalTwinsClient.cs:line 61&#xD;
   at AgeDigitalTwins.Test.TestBase..ctor() in C:\Users\NRaes\Dev\pg-age-digitaltwins\src\AgeDigitalTwins.Test\TestBase.cs:line 29&#xD;
   at AgeDigitalTwins.Test.ModelsTests..ctor()&#xD;
   at System.RuntimeType.CreateInstanceDefaultCtor(Boolean publicOnly, Boolean wrapExceptions)&#xD;
----- Inner Stack Trace -----&#xD;
&#xD;
----- Inner Stack Trace -----&#xD;
   at Npgsql.Internal.NpgsqlConnector.ConnectAsync(NpgsqlTimeout timeout, CancellationToken cancellationToken)&#xD;
   at Npgsql.Internal.NpgsqlConnector.RawOpen(SslMode sslMode, NpgsqlTimeout timeout, Boolean async, CancellationToken cancellationToken)&#xD;
   at Npgsql.Internal.NpgsqlConnector.&lt;Open&gt;g__OpenCore|214_1(NpgsqlConnector conn, SslMode sslMode, NpgsqlTimeout timeout, Boolean async, CancellationToken cancellationToken)&#xD;
   at Npgsql.Internal.NpgsqlConnector.Open(NpgsqlTimeout timeout, Boolean async, CancellationToken cancellationToken)&#xD;
   at Npgsql.PoolingDataSource.OpenNewConnector(NpgsqlConnection conn, NpgsqlTimeout timeout, Boolean async, CancellationToken cancellationToken)&#xD;
   at Npgsql.NpgsqlMultiHostDataSource.TryGetIdleOrNew(NpgsqlConnection conn, TimeSpan timeoutPerHost, Boolean async, TargetSessionAttributes preferredType, Func`3 stateValidator, Int32 poolIndex, IList`1 exceptions, CancellationToken cancellationToken)&#xD;
----- Inner Stack Trace -----&#xD;
   at System.Net.Sockets.Socket.AwaitableSocketAsyncEventArgs.ThrowException(SocketError error, CancellationToken cancellationToken)&#xD;
   at System.Net.Sockets.Socket.AwaitableSocketAsyncEventArgs.System.Threading.Tasks.Sources.IValueTaskSource.GetResult(Int16 token)&#xD;
   at System.Net.Sockets.Socket.&lt;ConnectAsync&gt;g__WaitForConnectWithCancellation|285_0(AwaitableSocketAsyncEventArgs saea, ValueTask connectTask, CancellationToken cancellationToken)&#xD;
   at Npgsql.TaskTimeoutAndCancellation.ExecuteAsync(Func`2 getTaskFunc, NpgsqlTimeout timeout, CancellationToken cancellationToken)&#xD;
   at Npgsql.Internal.NpgsqlConnector.ConnectAsync(NpgsqlTimeout timeout, CancellationToken cancellationToken)</StackTrace>
        </ErrorInfo>
      </Output>
    </UnitTestResult>
    <UnitTestResult executionId="711ddb0e-c5fe-492f-84a9-18e381777228" testId="64a1fb60-07eb-25e3-ccb1-b7394ae0f6ec" testName="AgeDigitalTwins.Test.ModelsTests.DeleteModels_DeletesModelsWithNoDependencies" computerName="C3YHK9C3" duration="00:00:00.0010000" startTime="2025-07-16T11:11:42.4573331+02:00" endTime="2025-07-16T11:11:46.5133535+02:00" testType="13cdc9d9-ddb5-4fa4-a97d-d965ccfc6d4b" outcome="Failed" testListId="8c84fa94-04c1-424b-9868-57a2d4851a1d" relativeResultsDirectory="711ddb0e-c5fe-492f-84a9-18e381777228">
      <Output>
        <ErrorInfo>
          <Message>Npgsql.NpgsqlException : Unable to connect to a suitable host. Check inner exception for more details.&#xD;
---- System.AggregateException : One or more errors occurred. (Failed to connect to 127.0.0.1:5432)&#xD;
-------- Npgsql.NpgsqlException : Failed to connect to 127.0.0.1:5432&#xD;
------------ System.Net.Sockets.SocketException : No connection could be made because the target machine actively refused it.</Message>
          <StackTrace>   at Npgsql.NpgsqlMultiHostDataSource.Get(NpgsqlConnection conn, NpgsqlTimeout timeout, Boolean async, CancellationToken cancellationToken)&#xD;
   at Npgsql.NpgsqlConnection.&lt;Open&gt;g__OpenAsync|42_0(Boolean async, CancellationToken cancellationToken)&#xD;
   at Npgsql.NpgsqlDataSource.OpenConnectionAsync(CancellationToken cancellationToken)&#xD;
   at Npgsql.NpgsqlDataSource.OpenConnectionAsync(CancellationToken cancellationToken)&#xD;
   at AgeDigitalTwins.Jobs.JobService.InitializeSchemaAsync() in C:\Users\NRaes\Dev\pg-age-digitaltwins\src\AgeDigitalTwins\Jobs\JobService.cs:line 438&#xD;
   at AgeDigitalTwins.Jobs.JobService..ctor(NpgsqlMultiHostDataSource dataSource, String graphName, ILogger logger) in C:\Users\NRaes\Dev\pg-age-digitaltwins\src\AgeDigitalTwins\Jobs\JobService.cs:line 37&#xD;
   at AgeDigitalTwins.AgeDigitalTwinsClient..ctor(NpgsqlMultiHostDataSource dataSource, AgeDigitalTwinsClientOptions options) in C:\Users\NRaes\Dev\pg-age-digitaltwins\src\AgeDigitalTwins\AgeDigitalTwinsClient.cs:line 61&#xD;
   at AgeDigitalTwins.Test.TestBase..ctor() in C:\Users\NRaes\Dev\pg-age-digitaltwins\src\AgeDigitalTwins.Test\TestBase.cs:line 29&#xD;
   at AgeDigitalTwins.Test.ModelsTests..ctor()&#xD;
   at System.RuntimeType.CreateInstanceDefaultCtor(Boolean publicOnly, Boolean wrapExceptions)&#xD;
----- Inner Stack Trace -----&#xD;
&#xD;
----- Inner Stack Trace -----&#xD;
   at Npgsql.Internal.NpgsqlConnector.ConnectAsync(NpgsqlTimeout timeout, CancellationToken cancellationToken)&#xD;
   at Npgsql.Internal.NpgsqlConnector.RawOpen(SslMode sslMode, NpgsqlTimeout timeout, Boolean async, CancellationToken cancellationToken)&#xD;
   at Npgsql.Internal.NpgsqlConnector.&lt;Open&gt;g__OpenCore|214_1(NpgsqlConnector conn, SslMode sslMode, NpgsqlTimeout timeout, Boolean async, CancellationToken cancellationToken)&#xD;
   at Npgsql.Internal.NpgsqlConnector.Open(NpgsqlTimeout timeout, Boolean async, CancellationToken cancellationToken)&#xD;
   at Npgsql.PoolingDataSource.OpenNewConnector(NpgsqlConnection conn, NpgsqlTimeout timeout, Boolean async, CancellationToken cancellationToken)&#xD;
   at Npgsql.NpgsqlMultiHostDataSource.TryGetIdleOrNew(NpgsqlConnection conn, TimeSpan timeoutPerHost, Boolean async, TargetSessionAttributes preferredType, Func`3 stateValidator, Int32 poolIndex, IList`1 exceptions, CancellationToken cancellationToken)&#xD;
----- Inner Stack Trace -----&#xD;
   at System.Net.Sockets.Socket.AwaitableSocketAsyncEventArgs.ThrowException(SocketError error, CancellationToken cancellationToken)&#xD;
   at System.Net.Sockets.Socket.AwaitableSocketAsyncEventArgs.System.Threading.Tasks.Sources.IValueTaskSource.GetResult(Int16 token)&#xD;
   at System.Net.Sockets.Socket.&lt;ConnectAsync&gt;g__WaitForConnectWithCancellation|285_0(AwaitableSocketAsyncEventArgs saea, ValueTask connectTask, CancellationToken cancellationToken)&#xD;
   at Npgsql.TaskTimeoutAndCancellation.ExecuteAsync(Func`2 getTaskFunc, NpgsqlTimeout timeout, CancellationToken cancellationToken)&#xD;
   at Npgsql.Internal.NpgsqlConnector.ConnectAsync(NpgsqlTimeout timeout, CancellationToken cancellationToken)</StackTrace>
        </ErrorInfo>
      </Output>
    </UnitTestResult>
    <UnitTestResult executionId="cf45aa09-9a05-4b6c-9bcd-62e6d4743140" testId="8a8576de-7231-ddc6-92ae-49505f86e5d6" testName="AgeDigitalTwins.Test.ImportJobTests.Client_ImportGraphAsync_WithNullOutputStream_ShouldThrow" computerName="C3YHK9C3" duration="00:00:00.0010000" startTime="2025-07-16T11:12:04.5354597+02:00" endTime="2025-07-16T11:12:05.1890862+02:00" testType="13cdc9d9-ddb5-4fa4-a97d-d965ccfc6d4b" outcome="Failed" testListId="8c84fa94-04c1-424b-9868-57a2d4851a1d" relativeResultsDirectory="cf45aa09-9a05-4b6c-9bcd-62e6d4743140">
      <Output>
        <ErrorInfo>
          <Message>Npgsql.PostgresException : 28P01: password authentication failed for user "app"</Message>
          <StackTrace>   at Npgsql.NpgsqlMultiHostDataSource.Get(NpgsqlConnection conn, NpgsqlTimeout timeout, Boolean async, CancellationToken cancellationToken)&#xD;
   at Npgsql.NpgsqlConnection.&lt;Open&gt;g__OpenAsync|42_0(Boolean async, CancellationToken cancellationToken)&#xD;
   at Npgsql.NpgsqlDataSource.OpenConnectionAsync(CancellationToken cancellationToken)&#xD;
   at Npgsql.NpgsqlDataSource.OpenConnectionAsync(CancellationToken cancellationToken)&#xD;
   at AgeDigitalTwins.Jobs.JobService.InitializeSchemaAsync() in C:\Users\NRaes\Dev\pg-age-digitaltwins\src\AgeDigitalTwins\Jobs\JobService.cs:line 438&#xD;
   at AgeDigitalTwins.Jobs.JobService..ctor(NpgsqlMultiHostDataSource dataSource, String graphName, ILogger logger) in C:\Users\NRaes\Dev\pg-age-digitaltwins\src\AgeDigitalTwins\Jobs\JobService.cs:line 37&#xD;
   at AgeDigitalTwins.AgeDigitalTwinsClient..ctor(NpgsqlMultiHostDataSource dataSource, AgeDigitalTwinsClientOptions options) in C:\Users\NRaes\Dev\pg-age-digitaltwins\src\AgeDigitalTwins\AgeDigitalTwinsClient.cs:line 61&#xD;
   at AgeDigitalTwins.Test.TestBase..ctor() in C:\Users\NRaes\Dev\pg-age-digitaltwins\src\AgeDigitalTwins.Test\TestBase.cs:line 29&#xD;
   at AgeDigitalTwins.Test.ImportJobTests..ctor(ITestOutputHelper output) in C:\Users\NRaes\Dev\pg-age-digitaltwins\src\AgeDigitalTwins.Test\ImportJobTests.cs:line 16&#xD;
   at InvokeStub_ImportJobTests..ctor(Object, Span`1)&#xD;
   at System.Reflection.MethodBaseInvoker.InvokeWithOneArg(Object obj, BindingFlags invokeAttr, Binder binder, Object[] parameters, CultureInfo culture)</StackTrace>
        </ErrorInfo>
      </Output>
    </UnitTestResult>
    <UnitTestResult executionId="923f46f5-12da-4068-a9a7-c2303f6f8711" testId="62d5f027-cd82-987f-dffd-c8ca3c697623" testName="AgeDigitalTwins.Test.RelationshipTests.CreateOrReplaceRelationshipAsync_BasicRelationshipNoSourceOrId_CreatedAndReadable" computerName="C3YHK9C3" duration="00:00:00.0010000" startTime="2025-07-16T11:11:32.5666823+02:00" endTime="2025-07-16T11:11:38.3804734+02:00" testType="13cdc9d9-ddb5-4fa4-a97d-d965ccfc6d4b" outcome="Failed" testListId="8c84fa94-04c1-424b-9868-57a2d4851a1d" relativeResultsDirectory="923f46f5-12da-4068-a9a7-c2303f6f8711">
      <Output>
        <ErrorInfo>
          <Message>Npgsql.NpgsqlException : Unable to connect to a suitable host. Check inner exception for more details.&#xD;
---- System.AggregateException : One or more errors occurred. (Failed to connect to 127.0.0.1:5432)&#xD;
-------- Npgsql.NpgsqlException : Failed to connect to 127.0.0.1:5432&#xD;
------------ System.Net.Sockets.SocketException : No connection could be made because the target machine actively refused it.</Message>
          <StackTrace>   at Npgsql.NpgsqlMultiHostDataSource.Get(NpgsqlConnection conn, NpgsqlTimeout timeout, Boolean async, CancellationToken cancellationToken)&#xD;
   at Npgsql.NpgsqlConnection.&lt;Open&gt;g__OpenAsync|42_0(Boolean async, CancellationToken cancellationToken)&#xD;
   at Npgsql.NpgsqlDataSource.OpenConnectionAsync(CancellationToken cancellationToken)&#xD;
   at Npgsql.NpgsqlDataSource.OpenConnectionAsync(CancellationToken cancellationToken)&#xD;
   at AgeDigitalTwins.Jobs.JobService.InitializeSchemaAsync() in C:\Users\NRaes\Dev\pg-age-digitaltwins\src\AgeDigitalTwins\Jobs\JobService.cs:line 438&#xD;
   at AgeDigitalTwins.Jobs.JobService..ctor(NpgsqlMultiHostDataSource dataSource, String graphName, ILogger logger) in C:\Users\NRaes\Dev\pg-age-digitaltwins\src\AgeDigitalTwins\Jobs\JobService.cs:line 37&#xD;
   at AgeDigitalTwins.AgeDigitalTwinsClient..ctor(NpgsqlMultiHostDataSource dataSource, AgeDigitalTwinsClientOptions options) in C:\Users\NRaes\Dev\pg-age-digitaltwins\src\AgeDigitalTwins\AgeDigitalTwinsClient.cs:line 61&#xD;
   at AgeDigitalTwins.Test.TestBase..ctor() in C:\Users\NRaes\Dev\pg-age-digitaltwins\src\AgeDigitalTwins.Test\TestBase.cs:line 29&#xD;
   at AgeDigitalTwins.Test.RelationshipTests..ctor()&#xD;
   at System.RuntimeType.CreateInstanceDefaultCtor(Boolean publicOnly, Boolean wrapExceptions)&#xD;
----- Inner Stack Trace -----&#xD;
&#xD;
----- Inner Stack Trace -----&#xD;
   at Npgsql.Internal.NpgsqlConnector.ConnectAsync(NpgsqlTimeout timeout, CancellationToken cancellationToken)&#xD;
   at Npgsql.Internal.NpgsqlConnector.RawOpen(SslMode sslMode, NpgsqlTimeout timeout, Boolean async, CancellationToken cancellationToken)&#xD;
   at Npgsql.Internal.NpgsqlConnector.&lt;Open&gt;g__OpenCore|214_1(NpgsqlConnector conn, SslMode sslMode, NpgsqlTimeout timeout, Boolean async, CancellationToken cancellationToken)&#xD;
   at Npgsql.Internal.NpgsqlConnector.Open(NpgsqlTimeout timeout, Boolean async, CancellationToken cancellationToken)&#xD;
   at Npgsql.PoolingDataSource.OpenNewConnector(NpgsqlConnection conn, NpgsqlTimeout timeout, Boolean async, CancellationToken cancellationToken)&#xD;
   at Npgsql.NpgsqlMultiHostDataSource.TryGetIdleOrNew(NpgsqlConnection conn, TimeSpan timeoutPerHost, Boolean async, TargetSessionAttributes preferredType, Func`3 stateValidator, Int32 poolIndex, IList`1 exceptions, CancellationToken cancellationToken)&#xD;
----- Inner Stack Trace -----&#xD;
   at System.Net.Sockets.Socket.AwaitableSocketAsyncEventArgs.ThrowException(SocketError error, CancellationToken cancellationToken)&#xD;
   at System.Net.Sockets.Socket.AwaitableSocketAsyncEventArgs.System.Threading.Tasks.Sources.IValueTaskSource.GetResult(Int16 token)&#xD;
   at System.Net.Sockets.Socket.&lt;ConnectAsync&gt;g__WaitForConnectWithCancellation|285_0(AwaitableSocketAsyncEventArgs saea, ValueTask connectTask, CancellationToken cancellationToken)&#xD;
   at Npgsql.TaskTimeoutAndCancellation.ExecuteAsync(Func`2 getTaskFunc, NpgsqlTimeout timeout, CancellationToken cancellationToken)&#xD;
   at Npgsql.Internal.NpgsqlConnector.ConnectAsync(NpgsqlTimeout timeout, CancellationToken cancellationToken)</StackTrace>
        </ErrorInfo>
      </Output>
    </UnitTestResult>
    <UnitTestResult executionId="f8371351-931d-4964-839a-246eb5c7c974" testId="c4fddb4d-33a3-a2c7-4e5e-c97bd1c015f0" testName="AgeDigitalTwins.Test.ImportJobTests.ImportAsync_WithEmptyStream_ShouldFail" computerName="C3YHK9C3" duration="00:00:00.0010000" startTime="2025-07-16T11:11:38.4405931+02:00" endTime="2025-07-16T11:11:42.4493794+02:00" testType="13cdc9d9-ddb5-4fa4-a97d-d965ccfc6d4b" outcome="Failed" testListId="8c84fa94-04c1-424b-9868-57a2d4851a1d" relativeResultsDirectory="f8371351-931d-4964-839a-246eb5c7c974">
      <Output>
        <ErrorInfo>
          <Message>Npgsql.NpgsqlException : Unable to connect to a suitable host. Check inner exception for more details.&#xD;
---- System.AggregateException : One or more errors occurred. (Failed to connect to 127.0.0.1:5432)&#xD;
-------- Npgsql.NpgsqlException : Failed to connect to 127.0.0.1:5432&#xD;
------------ System.Net.Sockets.SocketException : No connection could be made because the target machine actively refused it.</Message>
          <StackTrace>   at Npgsql.NpgsqlMultiHostDataSource.Get(NpgsqlConnection conn, NpgsqlTimeout timeout, Boolean async, CancellationToken cancellationToken)&#xD;
   at Npgsql.NpgsqlConnection.&lt;Open&gt;g__OpenAsync|42_0(Boolean async, CancellationToken cancellationToken)&#xD;
   at Npgsql.NpgsqlDataSource.OpenConnectionAsync(CancellationToken cancellationToken)&#xD;
   at Npgsql.NpgsqlDataSource.OpenConnectionAsync(CancellationToken cancellationToken)&#xD;
   at AgeDigitalTwins.Jobs.JobService.InitializeSchemaAsync() in C:\Users\NRaes\Dev\pg-age-digitaltwins\src\AgeDigitalTwins\Jobs\JobService.cs:line 438&#xD;
   at AgeDigitalTwins.Jobs.JobService..ctor(NpgsqlMultiHostDataSource dataSource, String graphName, ILogger logger) in C:\Users\NRaes\Dev\pg-age-digitaltwins\src\AgeDigitalTwins\Jobs\JobService.cs:line 37&#xD;
   at AgeDigitalTwins.AgeDigitalTwinsClient..ctor(NpgsqlMultiHostDataSource dataSource, AgeDigitalTwinsClientOptions options) in C:\Users\NRaes\Dev\pg-age-digitaltwins\src\AgeDigitalTwins\AgeDigitalTwinsClient.cs:line 61&#xD;
   at AgeDigitalTwins.Test.TestBase..ctor() in C:\Users\NRaes\Dev\pg-age-digitaltwins\src\AgeDigitalTwins.Test\TestBase.cs:line 29&#xD;
   at AgeDigitalTwins.Test.ImportJobTests..ctor(ITestOutputHelper output) in C:\Users\NRaes\Dev\pg-age-digitaltwins\src\AgeDigitalTwins.Test\ImportJobTests.cs:line 16&#xD;
   at InvokeStub_ImportJobTests..ctor(Object, Span`1)&#xD;
   at System.Reflection.MethodBaseInvoker.InvokeWithOneArg(Object obj, BindingFlags invokeAttr, Binder binder, Object[] parameters, CultureInfo culture)&#xD;
----- Inner Stack Trace -----&#xD;
&#xD;
----- Inner Stack Trace -----&#xD;
   at Npgsql.Internal.NpgsqlConnector.ConnectAsync(NpgsqlTimeout timeout, CancellationToken cancellationToken)&#xD;
   at Npgsql.Internal.NpgsqlConnector.RawOpen(SslMode sslMode, NpgsqlTimeout timeout, Boolean async, CancellationToken cancellationToken)&#xD;
   at Npgsql.Internal.NpgsqlConnector.&lt;Open&gt;g__OpenCore|214_1(NpgsqlConnector conn, SslMode sslMode, NpgsqlTimeout timeout, Boolean async, CancellationToken cancellationToken)&#xD;
   at Npgsql.Internal.NpgsqlConnector.Open(NpgsqlTimeout timeout, Boolean async, CancellationToken cancellationToken)&#xD;
   at Npgsql.PoolingDataSource.OpenNewConnector(NpgsqlConnection conn, NpgsqlTimeout timeout, Boolean async, CancellationToken cancellationToken)&#xD;
   at Npgsql.NpgsqlMultiHostDataSource.TryGetIdleOrNew(NpgsqlConnection conn, TimeSpan timeoutPerHost, Boolean async, TargetSessionAttributes preferredType, Func`3 stateValidator, Int32 poolIndex, IList`1 exceptions, CancellationToken cancellationToken)&#xD;
----- Inner Stack Trace -----&#xD;
   at System.Net.Sockets.Socket.AwaitableSocketAsyncEventArgs.ThrowException(SocketError error, CancellationToken cancellationToken)&#xD;
   at System.Net.Sockets.Socket.AwaitableSocketAsyncEventArgs.System.Threading.Tasks.Sources.IValueTaskSource.GetResult(Int16 token)&#xD;
   at System.Net.Sockets.Socket.&lt;ConnectAsync&gt;g__WaitForConnectWithCancellation|285_0(AwaitableSocketAsyncEventArgs saea, ValueTask connectTask, CancellationToken cancellationToken)&#xD;
   at Npgsql.TaskTimeoutAndCancellation.ExecuteAsync(Func`2 getTaskFunc, NpgsqlTimeout timeout, CancellationToken cancellationToken)&#xD;
   at Npgsql.Internal.NpgsqlConnector.ConnectAsync(NpgsqlTimeout timeout, CancellationToken cancellationToken)</StackTrace>
        </ErrorInfo>
      </Output>
    </UnitTestResult>
    <UnitTestResult executionId="7848b888-da13-4bb9-b7e5-8313a6c70720" testId="7e5b6875-adc2-c789-d16b-ed5f1efed23e" testName="AgeDigitalTwins.Test.RelationshipTests.CreateOrReplaceRelationshipAsync_WithIfNoneMatch_ThrowsOnExistingRelationship" computerName="C3YHK9C3" duration="00:00:00.0010000" startTime="2025-07-16T11:11:42.4289036+02:00" endTime="2025-07-16T11:11:46.5411598+02:00" testType="13cdc9d9-ddb5-4fa4-a97d-d965ccfc6d4b" outcome="Failed" testListId="8c84fa94-04c1-424b-9868-57a2d4851a1d" relativeResultsDirectory="7848b888-da13-4bb9-b7e5-8313a6c70720">
      <Output>
        <ErrorInfo>
          <Message>Npgsql.NpgsqlException : Unable to connect to a suitable host. Check inner exception for more details.&#xD;
---- System.AggregateException : One or more errors occurred. (Failed to connect to 127.0.0.1:5432)&#xD;
-------- Npgsql.NpgsqlException : Failed to connect to 127.0.0.1:5432&#xD;
------------ System.Net.Sockets.SocketException : No connection could be made because the target machine actively refused it.</Message>
          <StackTrace>   at Npgsql.NpgsqlMultiHostDataSource.Get(NpgsqlConnection conn, NpgsqlTimeout timeout, Boolean async, CancellationToken cancellationToken)&#xD;
   at Npgsql.NpgsqlConnection.&lt;Open&gt;g__OpenAsync|42_0(Boolean async, CancellationToken cancellationToken)&#xD;
   at Npgsql.NpgsqlDataSource.OpenConnectionAsync(CancellationToken cancellationToken)&#xD;
   at Npgsql.NpgsqlDataSource.OpenConnectionAsync(CancellationToken cancellationToken)&#xD;
   at AgeDigitalTwins.Jobs.JobService.InitializeSchemaAsync() in C:\Users\NRaes\Dev\pg-age-digitaltwins\src\AgeDigitalTwins\Jobs\JobService.cs:line 438&#xD;
   at AgeDigitalTwins.Jobs.JobService..ctor(NpgsqlMultiHostDataSource dataSource, String graphName, ILogger logger) in C:\Users\NRaes\Dev\pg-age-digitaltwins\src\AgeDigitalTwins\Jobs\JobService.cs:line 37&#xD;
   at AgeDigitalTwins.AgeDigitalTwinsClient..ctor(NpgsqlMultiHostDataSource dataSource, AgeDigitalTwinsClientOptions options) in C:\Users\NRaes\Dev\pg-age-digitaltwins\src\AgeDigitalTwins\AgeDigitalTwinsClient.cs:line 61&#xD;
   at AgeDigitalTwins.Test.TestBase..ctor() in C:\Users\NRaes\Dev\pg-age-digitaltwins\src\AgeDigitalTwins.Test\TestBase.cs:line 29&#xD;
   at AgeDigitalTwins.Test.RelationshipTests..ctor()&#xD;
   at System.RuntimeType.CreateInstanceDefaultCtor(Boolean publicOnly, Boolean wrapExceptions)&#xD;
----- Inner Stack Trace -----&#xD;
&#xD;
----- Inner Stack Trace -----&#xD;
   at Npgsql.Internal.NpgsqlConnector.ConnectAsync(NpgsqlTimeout timeout, CancellationToken cancellationToken)&#xD;
   at Npgsql.Internal.NpgsqlConnector.RawOpen(SslMode sslMode, NpgsqlTimeout timeout, Boolean async, CancellationToken cancellationToken)&#xD;
   at Npgsql.Internal.NpgsqlConnector.&lt;Open&gt;g__OpenCore|214_1(NpgsqlConnector conn, SslMode sslMode, NpgsqlTimeout timeout, Boolean async, CancellationToken cancellationToken)&#xD;
   at Npgsql.Internal.NpgsqlConnector.Open(NpgsqlTimeout timeout, Boolean async, CancellationToken cancellationToken)&#xD;
   at Npgsql.PoolingDataSource.OpenNewConnector(NpgsqlConnection conn, NpgsqlTimeout timeout, Boolean async, CancellationToken cancellationToken)&#xD;
   at Npgsql.NpgsqlMultiHostDataSource.TryGetIdleOrNew(NpgsqlConnection conn, TimeSpan timeoutPerHost, Boolean async, TargetSessionAttributes preferredType, Func`3 stateValidator, Int32 poolIndex, IList`1 exceptions, CancellationToken cancellationToken)&#xD;
----- Inner Stack Trace -----&#xD;
   at System.Net.Sockets.Socket.AwaitableSocketAsyncEventArgs.ThrowException(SocketError error, CancellationToken cancellationToken)&#xD;
   at System.Net.Sockets.Socket.AwaitableSocketAsyncEventArgs.System.Threading.Tasks.Sources.IValueTaskSource.GetResult(Int16 token)&#xD;
   at System.Net.Sockets.Socket.&lt;ConnectAsync&gt;g__WaitForConnectWithCancellation|285_0(AwaitableSocketAsyncEventArgs saea, ValueTask connectTask, CancellationToken cancellationToken)&#xD;
   at Npgsql.TaskTimeoutAndCancellation.ExecuteAsync(Func`2 getTaskFunc, NpgsqlTimeout timeout, CancellationToken cancellationToken)&#xD;
   at Npgsql.Internal.NpgsqlConnector.ConnectAsync(NpgsqlTimeout timeout, CancellationToken cancellationToken)</StackTrace>
        </ErrorInfo>
      </Output>
    </UnitTestResult>
    <UnitTestResult executionId="d3a2da83-ac41-4002-a3cc-134c0cdf734d" testId="aa409f61-91b7-a6e8-fc06-b60aff0f1699" testName="AgeDigitalTwins.Test.DigitalTwinsTests.UpdateDigitalTwinAsync_AddOperationInvalidProperty_ThrowsValidationException" computerName="C3YHK9C3" duration="00:00:00.0010000" startTime="2025-07-16T11:12:03.1637158+02:00" endTime="2025-07-16T11:12:03.8624135+02:00" testType="13cdc9d9-ddb5-4fa4-a97d-d965ccfc6d4b" outcome="Failed" testListId="8c84fa94-04c1-424b-9868-57a2d4851a1d" relativeResultsDirectory="d3a2da83-ac41-4002-a3cc-134c0cdf734d">
      <Output>
        <ErrorInfo>
          <Message>Npgsql.PostgresException : 28P01: password authentication failed for user "app"</Message>
          <StackTrace>   at Npgsql.NpgsqlMultiHostDataSource.Get(NpgsqlConnection conn, NpgsqlTimeout timeout, Boolean async, CancellationToken cancellationToken)&#xD;
   at Npgsql.NpgsqlConnection.&lt;Open&gt;g__OpenAsync|42_0(Boolean async, CancellationToken cancellationToken)&#xD;
   at Npgsql.NpgsqlDataSource.OpenConnectionAsync(CancellationToken cancellationToken)&#xD;
   at Npgsql.NpgsqlDataSource.OpenConnectionAsync(CancellationToken cancellationToken)&#xD;
   at AgeDigitalTwins.Jobs.JobService.InitializeSchemaAsync() in C:\Users\NRaes\Dev\pg-age-digitaltwins\src\AgeDigitalTwins\Jobs\JobService.cs:line 438&#xD;
   at AgeDigitalTwins.Jobs.JobService..ctor(NpgsqlMultiHostDataSource dataSource, String graphName, ILogger logger) in C:\Users\NRaes\Dev\pg-age-digitaltwins\src\AgeDigitalTwins\Jobs\JobService.cs:line 37&#xD;
   at AgeDigitalTwins.AgeDigitalTwinsClient..ctor(NpgsqlMultiHostDataSource dataSource, AgeDigitalTwinsClientOptions options) in C:\Users\NRaes\Dev\pg-age-digitaltwins\src\AgeDigitalTwins\AgeDigitalTwinsClient.cs:line 61&#xD;
[...]
      </RunInfo>
      <RunInfo computerName="C3YHK9C3" outcome="Error" timestamp="2025-07-16T11:11:38.4002100+02:00">
        <Text>[xUnit.net 00:00:06.42]     AgeDigitalTwins.Test.BatchRelationshipTests.CreateOrReplaceRelationshipsAsync_WithOversizedBatch_ShouldThrowException [FAIL]</Text>
      </RunInfo>
      <RunInfo computerName="C3YHK9C3" outcome="Error" timestamp="2025-07-16T11:11:38.4043632+02:00">
        <Text>[xUnit.net 00:00:06.42]     AgeDigitalTwins.Test.ImportJobTests.Client_ImportGraphAsync_WithNullInputStream_ShouldThrow [FAIL]</Text>
      </RunInfo>
      <RunInfo computerName="C3YHK9C3" outcome="Error" timestamp="2025-07-16T11:11:42.4144656+02:00">
        <Text>[xUnit.net 00:00:10.43]     AgeDigitalTwins.Test.DistributedLockingTests.RenewJobLockHeartbeatAsync_ShouldFail_WhenLockIsNotOwned [FAIL]</Text>
      </RunInfo>
      <RunInfo computerName="C3YHK9C3" outcome="Error" timestamp="2025-07-16T11:11:42.4216004+02:00">
        <Text>[xUnit.net 00:00:10.44]     AgeDigitalTwins.Test.DigitalTwinsTests.UpdateDigitalTwinAsync_SourceTime_Updated [FAIL]</Text>
      </RunInfo>
      <RunInfo computerName="C3YHK9C3" outcome="Error" timestamp="2025-07-16T11:11:42.4247018+02:00">
        <Text>[xUnit.net 00:00:10.44]     AgeDigitalTwins.Test.RelationshipTests.CreateOrReplaceRelationshipAsync_BasicRelationship_CreatedAndReadable [FAIL]</Text>
      </RunInfo>
      <RunInfo computerName="C3YHK9C3" outcome="Error" timestamp="2025-07-16T11:11:42.4295430+02:00">
        <Text>[xUnit.net 00:00:10.45]     AgeDigitalTwins.Test.BatchDigitalTwinTests.CreateOrReplaceDigitalTwinsAsync_WithEmptyBatch_ShouldReturnEmptyResult [FAIL]</Text>
      </RunInfo>
      <RunInfo computerName="C3YHK9C3" outcome="Error" timestamp="2025-07-16T11:11:42.4329648+02:00">
        <Text>[xUnit.net 00:00:10.45]     AgeDigitalTwins.Test.QueryTests.QueryAsync_SimpleAdtQuerySelectStar_ReturnsTwins [FAIL]</Text>
      </RunInfo>
      <RunInfo computerName="C3YHK9C3" outcome="Error" timestamp="2025-07-16T11:11:42.4365589+02:00">
        <Text>[xUnit.net 00:00:10.45]     AgeDigitalTwins.Test.ImportJobSystemTests.GetImportJob_ShouldReturnJob_WhenJobExists [FAIL]</Text>
      </RunInfo>
      <RunInfo computerName="C3YHK9C3" outcome="Error" timestamp="2025-07-16T11:11:42.4528363+02:00">
        <Text>[xUnit.net 00:00:10.46]     AgeDigitalTwins.Test.BatchRelationshipTests.CreateOrReplaceRelationshipsAsync_WithEmptyBatch_ShouldReturnEmptyResult [FAIL]</Text>
      </RunInfo>
      <RunInfo computerName="C3YHK9C3" outcome="Error" timestamp="2025-07-16T11:11:42.4551384+02:00">
        <Text>[xUnit.net 00:00:10.47]     AgeDigitalTwins.Test.ImportJobTests.ImportAsync_WithEmptyStream_ShouldFail [FAIL]</Text>
      </RunInfo>
      <RunInfo computerName="C3YHK9C3" outcome="Error" timestamp="2025-07-16T11:11:42.4571155+02:00">
        <Text>[xUnit.net 00:00:10.47]     AgeDigitalTwins.Test.ModelsTests.CreateModels_CanDeleteAndCreateAgain [FAIL]</Text>
      </RunInfo>
      <RunInfo computerName="C3YHK9C3" outcome="Error" timestamp="2025-07-16T11:11:46.5032730+02:00">
        <Text>[xUnit.net 00:00:14.52]     AgeDigitalTwins.Test.BatchDigitalTwinTests.CreateOrReplaceDigitalTwinsAsync_WithOversizedBatch_ShouldThrowException [FAIL]</Text>
      </RunInfo>
      <RunInfo computerName="C3YHK9C3" outcome="Error" timestamp="2025-07-16T11:11:46.5083322+02:00">
        <Text>[xUnit.net 00:00:14.52]     AgeDigitalTwins.Test.DigitalTwinsTests.CreateOrReplaceDigitalTwinAsync_InvalidProperty_ValidationFailedException [FAIL]</Text>
      </RunInfo>
      <RunInfo computerName="C3YHK9C3" outcome="Error" timestamp="2025-07-16T11:11:46.5107077+02:00">
        <Text>[xUnit.net 00:00:14.53]     AgeDigitalTwins.Test.BatchRelationshipTests.CreateOrReplaceRelationshipsAsync_WithValidRelationships_ShouldSucceed [FAIL]</Text>
      </RunInfo>
      <RunInfo computerName="C3YHK9C3" outcome="Error" timestamp="2025-07-16T11:11:46.5135802+02:00">
        <Text>[xUnit.net 00:00:14.53]     AgeDigitalTwins.Test.ModelsTests.DeleteModels_DeletesModelsWithNoDependencies [FAIL]</Text>
      </RunInfo>
      <RunInfo computerName="C3YHK9C3" outcome="Error" timestamp="2025-07-16T11:11:46.5268120+02:00">
        <Text>[xUnit.net 00:00:14.54]     AgeDigitalTwins.Test.QueryTests.QueryAsync_IsOfModel_ReturnsOnlyPlanets [FAIL]</Text>
      </RunInfo>
      <RunInfo computerName="C3YHK9C3" outcome="Error" timestamp="2025-07-16T11:11:46.5298730+02:00">
        <Text>[xUnit.net 00:00:14.55]     AgeDigitalTwins.Test.DistributedLockingTests.IsJobLockedByCurrentInstanceAsync_ShouldReturnTrue_WhenLockIsOwned [FAIL]</Text>
      </RunInfo>
      <RunInfo computerName="C3YHK9C3" outcome="Error" timestamp="2025-07-16T11:11:46.5379759+02:00">
        <Text>[xUnit.net 00:00:14.55]     AgeDigitalTwins.Test.ImportJobSystemTests.ImportGraphAsync_ShouldCreateJob_WithValidParameters [FAIL]</Text>
      </RunInfo>
      <RunInfo computerName="C3YHK9C3" outcome="Error" timestamp="2025-07-16T11:11:46.5410254+02:00">
        <Text>[xUnit.net 00:00:14.55]     AgeDigitalTwins.Test.ImportJobTests.ImportAsync_WithMissingHeader_ShouldFail [FAIL]</Text>
      </RunInfo>
      <RunInfo computerName="C3YHK9C3" outcome="Error" timestamp="2025-07-16T11:11:46.5436111+02:00">
        <Text>[xUnit.net 00:00:14.56]     AgeDigitalTwins.Test.RelationshipTests.CreateOrReplaceRelationshipAsync_WithIfNoneMatch_ThrowsOnExistingRelationship [FAIL]</Text>
      </RunInfo>
      <RunInfo computerName="C3YHK9C3" outcome="Error" timestamp="2025-07-16T11:11:50.5843020+02:00">
        <Text>[xUnit.net 00:00:18.60]     AgeDigitalTwins.Test.BatchRelationshipTests.CreateOrReplaceRelationshipsAsync_WithInvalidRelationships_ShouldReportFailures [FAIL]</Text>
      </RunInfo>
      <RunInfo computerName="C3YHK9C3" outcome="Error" timestamp="2025-07-16T11:11:50.5876616+02:00">
        <Text>[xUnit.net 00:00:18.60]     AgeDigitalTwins.Test.DigitalTwinsTests.Benchmark_UpdateDigitalTwinAsync [FAIL]</Text>
      </RunInfo>
      <RunInfo computerName="C3YHK9C3" outcome="Error" timestamp="2025-07-16T11:11:50.5931040+02:00">
        <Text>[xUnit.net 00:00:18.61]     AgeDigitalTwins.Test.BatchDigitalTwinTests.CreateOrReplaceDigitalTwinsAsync_WithInvalidTwins_ShouldReportFailures [FAIL]</Text>
      </RunInfo>
      <RunInfo computerName="C3YHK9C3" outcome="Error" timestamp="2025-07-16T11:11:50.5951332+02:00">
        <Text>[xUnit.net 00:00:18.61]     AgeDigitalTwins.Test.QueryTests.QueryAsync_SimpleAdtQueryWithUnderscore_ReturnsTwins [FAIL]</Text>
      </RunInfo>
      <RunInfo computerName="C3YHK9C3" outcome="Error" timestamp="2025-07-16T11:11:50.5975165+02:00">
        <Text>[xUnit.net 00:00:18.61]     AgeDigitalTwins.Test.ImportJobTests.ImportAsync_WithContinueOnFailureEnabled_ShouldContinueProcessing [FAIL]</Text>
      </RunInfo>
      <RunInfo computerName="C3YHK9C3" outcome="Error" timestamp="2025-07-16T11:11:50.6051882+02:00">
        <Text>[xUnit.net 00:00:18.62]     AgeDigitalTwins.Test.DistributedLockingTests.ReleaseJobLockAsync_ShouldSucceed_WhenLockIsOwnedByCurrentInstance [FAIL]</Text>
      </RunInfo>
      <RunInfo computerName="C3YHK9C3" outcome="Error" timestamp="2025-07-16T11:11:50.6090503+02:00">
        <Text>[xUnit.net 00:00:18.63]     AgeDigitalTwins.Test.ImportJobSystemTests.CancelImportJob_ShouldReturnTrue_WhenJobExists [FAIL]</Text>
      </RunInfo>
      <RunInfo computerName="C3YHK9C3" outcome="Error" timestamp="2025-07-16T11:11:50.6126163+02:00">
        <Text>[xUnit.net 00:00:18.63]     AgeDigitalTwins.Test.ModelsTests.DeleteModels_ThrowsWhenModelReferencesAreNotDeleted [FAIL]</Text>
      </RunInfo>
      <RunInfo computerName="C3YHK9C3" outcome="Error" timestamp="2025-07-16T11:11:54.6467748+02:00">
        <Text>[xUnit.net 00:00:22.66]     AgeDigitalTwins.Test.ImportJobTests.Client_ListImportJobs_ShouldReturnAllJobs [FAIL]</Text>
      </RunInfo>
      <RunInfo computerName="C3YHK9C3" outcome="Error" timestamp="2025-07-16T11:11:54.6511187+02:00">
        <Text>[xUnit.net 00:00:22.67]     AgeDigitalTwins.Test.DistributedLockingTests.TryAcquireJobLockAsync_ShouldSucceed_AfterLockExpires [FAIL]</Text>
      </RunInfo>
      <RunInfo computerName="C3YHK9C3" outcome="Error" timestamp="2025-07-16T11:11:54.6538309+02:00">
        <Text>[xUnit.net 00:00:22.67]     AgeDigitalTwins.Test.DigitalTwinsTests.UpdateDigitalTwinAsync_MultipleOperations_Updated [FAIL]</Text>
      </RunInfo>
      <RunInfo computerName="C3YHK9C3" outcome="Error" timestamp="2025-07-16T11:11:54.6573345+02:00">
        <Text>[xUnit.net 00:00:22.67]     AgeDigitalTwins.Test.ImportJobSystemTests.ListImportJobs_ShouldReturnJobs_WhenJobsExist [FAIL]</Text>
      </RunInfo>
      <RunInfo computerName="C3YHK9C3" outcome="Error" timestamp="2025-07-16T11:11:54.6606205+02:00">
        <Text>[xUnit.net 00:00:22.68]     AgeDigitalTwins.Test.QueryTests.QueryAsync_SimpleAdtQuerySelectProperty_ReturnsPropertyValues [FAIL]</Text>
      </RunInfo>
      <RunInfo computerName="C3YHK9C3" outcome="Error" timestamp="2025-07-16T11:11:54.6657971+02:00">
        <Text>[xUnit.net 00:00:22.68]     AgeDigitalTwins.Test.ModelsTests.CreateModels_MultipleDependentModelsResolveInDb_ValidatedAndCreated [FAIL]</Text>
      </RunInfo>
      <RunInfo computerName="C3YHK9C3" outcome="Error" timestamp="2025-07-16T11:11:58.7255420+02:00">
        <Text>[xUnit.net 00:00:26.74]     AgeDigitalTwins.Test.ModelsTests.CreateModels_ExistingModel_ThrowsModelAlreadyExists [FAIL]</Text>
      </RunInfo>
      <RunInfo computerName="C3YHK9C3" outcome="Error" timestamp="2025-07-16T11:11:58.7301492+02:00">
        <Text>[xUnit.net 00:00:26.75]     AgeDigitalTwins.Test.ImportJobTests.Client_GetImportJob_ShouldReturnCorrectJob [FAIL]</Text>
      </RunInfo>
      <RunInfo computerName="C3YHK9C3" outcome="Error" timestamp="2025-07-16T11:11:58.7330407+02:00">
        <Text>[xUnit.net 00:00:26.75]     AgeDigitalTwins.Test.ImportJobSystemTests.DeleteImportJob_ShouldReturnTrue_WhenJobExists [FAIL]</Text>
      </RunInfo>
      <RunInfo computerName="C3YHK9C3" outcome="Error" timestamp="2025-07-16T11:11:58.7365509+02:00">
        <Text>[xUnit.net 00:00:26.75]     AgeDigitalTwins.Test.QueryTests.QueryAsync_IsOfModel_ReturnsExactCelestialBody [FAIL]</Text>
      </RunInfo>
      <RunInfo computerName="C3YHK9C3" outcome="Error" timestamp="2025-07-16T11:11:58.7403454+02:00">
        <Text>[xUnit.net 00:00:26.76]     AgeDigitalTwins.Test.DistributedLockingTests.CleanupExpiredLocksAsync_ShouldCleanupExpiredLocks [FAIL]</Text>
      </RunInfo>
      <RunInfo computerName="C3YHK9C3" outcome="Error" timestamp="2025-07-16T11:11:58.7435939+02:00">
        <Text>[xUnit.net 00:00:26.76]     AgeDigitalTwins.Test.DigitalTwinsTests.CreateOrReplaceDigitalTwinAsync_NoModel_ThrowsArgumentException [FAIL]</Text>
      </RunInfo>
      <RunInfo computerName="C3YHK9C3" outcome="Error" timestamp="2025-07-16T11:12:03.1605173+02:00">
        <Text>[xUnit.net 00:00:31.18]     AgeDigitalTwins.Test.DistributedLockingTests.TryAcquireJobLockAsync_ShouldFail_WhenLockIsAlreadyTaken [FAIL]</Text>
      </RunInfo>
      <RunInfo computerName="C3YHK9C3" outcome="Error" timestamp="2025-07-16T11:12:03.1617647+02:00">
        <Text>[xUnit.net 00:00:31.18]     AgeDigitalTwins.Test.DigitalTwinsTests.UpdateDigitalTwinsAsync_WithObject_UpdatedAndReadable [FAIL]</Text>
      </RunInfo>
      <RunInfo computerName="C3YHK9C3" outcome="Error" timestamp="2025-07-16T11:12:03.1649269+02:00">
        <Text>[xUnit.net 00:00:31.18]     AgeDigitalTwins.Test.ImportJobSystemTests.ImportGraphAsync_ShouldThrowException_ForDuplicateJobId [FAIL]</Text>
      </RunInfo>
      <RunInfo computerName="C3YHK9C3" outcome="Error" timestamp="2025-07-16T11:12:03.1658824+02:00">
        <Text>[xUnit.net 00:00:31.18]     AgeDigitalTwins.Test.ModelsTests.CreateModels_SingleModel_ValidatedAndCreated [FAIL]</Text>
      </RunInfo>
      <RunInfo computerName="C3YHK9C3" outcome="Error" timestamp="2025-07-16T11:12:03.1666804+02:00">
        <Text>[xUnit.net 00:00:31.18]     AgeDigitalTwins.Test.QueryTests.QueryAsync_AdtQueryWithTypeCheckFunctions_ReturnsTwins [FAIL]</Text>
      </RunInfo>
      <RunInfo computerName="C3YHK9C3" outcome="Error" timestamp="2025-07-16T11:12:03.1677247+02:00">
        <Text>[xUnit.net 00:00:31.18]     AgeDigitalTwins.Test.ImportJobTests.ImportAsync_WithOnlyModelsSection_ShouldSucceed [FAIL]</Text>
      </RunInfo>
      <RunInfo computerName="C3YHK9C3" outcome="Error" timestamp="2025-07-16T11:12:03.8596703+02:00">
        <Text>[xUnit.net 00:00:31.88]     AgeDigitalTwins.Test.ModelsTests.CreateModels_MissingDependency_ThrowsFailedToResolve [FAIL]</Text>
      </RunInfo>
      <RunInfo computerName="C3YHK9C3" outcome="Error" timestamp="2025-07-16T11:12:03.8612344+02:00">
        <Text>[xUnit.net 00:00:31.88]     AgeDigitalTwins.Test.DistributedLockingTests.GetJobLockInfoAsync_ShouldReturnNull_WhenLockDoesNotExist [FAIL]</Text>
      </RunInfo>
      <RunInfo computerName="C3YHK9C3" outcome="Error" timestamp="2025-07-16T11:12:03.8626855+02:00">
        <Text>[xUnit.net 00:00:31.88]     AgeDigitalTwins.Test.DigitalTwinsTests.UpdateDigitalTwinAsync_AddOperationInvalidProperty_ThrowsValidationException [FAIL]</Text>
      </RunInfo>
      <RunInfo computerName="C3YHK9C3" outcome="Error" timestamp="2025-07-16T11:12:03.8643565+02:00">
        <Text>[xUnit.net 00:00:31.88]     AgeDigitalTwins.Test.QueryTests.QueryAsync_AdtQueryWithTop_ReturnsTwins [FAIL]</Text>
      </RunInfo>
      <RunInfo computerName="C3YHK9C3" outcome="Error" timestamp="2025-07-16T11:12:03.8702238+02:00">
        <Text>[xUnit.net 00:00:31.88]     AgeDigitalTwins.Test.ImportJobTests.Client_GetImportJob_WithInvalidId_ShouldReturnNull [FAIL]</Text>
      </RunInfo>
      <RunInfo computerName="C3YHK9C3" outcome="Error" timestamp="2025-07-16T11:12:04.5262696+02:00">
        <Text>[xUnit.net 00:00:32.54]     AgeDigitalTwins.Test.QueryTests.QueryAsync_RelationshipsQuery_ReturnsRelationship [FAIL]</Text>
      </RunInfo>
      <RunInfo computerName="C3YHK9C3" outcome="Error" timestamp="2025-07-16T11:12:04.5279352+02:00">
        <Text>[xUnit.net 00:00:32.54]     AgeDigitalTwins.Test.ImportJobTests.ImportAsync_WithInvalidFileVersion_ShouldFail [FAIL]</Text>
      </RunInfo>
      <RunInfo computerName="C3YHK9C3" outcome="Error" timestamp="2025-07-16T11:12:04.5321000+02:00">
        <Text>[xUnit.net 00:00:32.55]     AgeDigitalTwins.Test.DistributedLockingTests.IsJobLockedByCurrentInstanceAsync_ShouldReturnFalse_WhenLockIsNotOwned [FAIL]</Text>
      </RunInfo>
      <RunInfo computerName="C3YHK9C3" outcome="Error" timestamp="2025-07-16T11:12:04.5337813+02:00">
        <Text>[xUnit.net 00:00:32.55]     AgeDigitalTwins.Test.DigitalTwinsTests.UpdateDigitalTwinAsync_AddOperationPrimitive_Updated [FAIL]</Text>
      </RunInfo>
      <RunInfo computerName="C3YHK9C3" outcome="Error" timestamp="2025-07-16T11:12:05.1874815+02:00">
        <Text>[xUnit.net 00:00:33.20]     AgeDigitalTwins.Test.DistributedLockingTests.ReleaseJobLockAsync_ShouldFail_WhenLockIsNotOwned [FAIL]</Text>
      </RunInfo>
      <RunInfo computerName="C3YHK9C3" outcome="Error" timestamp="2025-07-16T11:12:05.1894567+02:00">
        <Text>[xUnit.net 00:00:33.21]     AgeDigitalTwins.Test.ImportJobTests.Client_ImportGraphAsync_WithNullOutputStream_ShouldThrow [FAIL]</Text>
      </RunInfo>
      <RunInfo computerName="C3YHK9C3" outcome="Error" timestamp="2025-07-16T11:12:05.1909894+02:00">
        <Text>[xUnit.net 00:00:33.21]     AgeDigitalTwins.Test.DigitalTwinsTests.CreateOrReplaceDigitalTwinAsync_BasicDigitalTwinWithWeirdcharacters_CreatedAndReadable [FAIL]</Text>
      </RunInfo>
      <RunInfo computerName="C3YHK9C3" outcome="Error" timestamp="2025-07-16T11:12:05.1925582+02:00">
        <Text>[xUnit.net 00:00:33.21]     AgeDigitalTwins.Test.QueryTests.QueryAsync_IsOfModel_ReturnsAllMatchingTwins [FAIL]</Text>
      </RunInfo>
      <RunInfo computerName="C3YHK9C3" outcome="Error" timestamp="2025-07-16T11:12:05.8336127+02:00">
        <Text>[xUnit.net 00:00:33.85]     AgeDigitalTwins.Test.QueryTests.QueryAsync_SimpleAdtQuery_ReturnsTwins [FAIL]</Text>
      </RunInfo>
      <RunInfo computerName="C3YHK9C3" outcome="Error" timestamp="2025-07-16T11:12:05.8434445+02:00">
        <Text>[xUnit.net 00:00:33.86]     AgeDigitalTwins.Test.DistributedLockingTests.TryAcquireJobLockAsync_ShouldSucceed_WhenLockIsAvailable [FAIL]</Text>
      </RunInfo>
      <RunInfo computerName="C3YHK9C3" outcome="Error" timestamp="2025-07-16T11:12:05.8448299+02:00">
        <Text>[xUnit.net 00:00:33.86]     AgeDigitalTwins.Test.DigitalTwinsTests.CreateOrReplaceDigitalTwinAsync_InvalidModel_ThrowsModelNotFoundException [FAIL]</Text>
      </RunInfo>
      <RunInfo computerName="C3YHK9C3" outcome="Error" timestamp="2025-07-16T11:12:05.8510476+02:00">
        <Text>[xUnit.net 00:00:33.86]     AgeDigitalTwins.Test.ImportJobTests.Client_ImportGraphAsync_WithDuplicateJobId_ShouldThrow [FAIL]</Text>
      </RunInfo>
      <RunInfo computerName="C3YHK9C3" outcome="Error" timestamp="2025-07-16T11:12:06.4362815+02:00">
        <Text>[xUnit.net 00:00:34.45]     AgeDigitalTwins.Test.QueryTests.QueryAsync_Pagination_HandlesSkipAndLimitInQuery [FAIL]</Text>
      </RunInfo>
      <RunInfo computerName="C3YHK9C3" outcome="Error" timestamp="2025-07-16T11:12:06.4706348+02:00">
        <Text>[xUnit.net 00:00:34.49]     AgeDigitalTwins.Test.DigitalTwinsTests.UpdateDigitalTwinAsync_RemoveOperationPrimitive_Updated [FAIL]</Text>
      </RunInfo>
      <RunInfo computerName="C3YHK9C3" outcome="Error" timestamp="2025-07-16T11:12:06.4796153+02:00">
        <Text>[xUnit.net 00:00:34.50]     AgeDigitalTwins.Test.DistributedLockingTests.GetJobLockInfoAsync_ShouldReturnLockInfo_WhenLockExists [FAIL]</Text>
      </RunInfo>
      <RunInfo computerName="C3YHK9C3" outcome="Error" timestamp="2025-07-16T11:12:06.4808908+02:00">
        <Text>[xUnit.net 00:00:34.50]     AgeDigitalTwins.Test.ImportJobTests.Client_ImportGraphAsync_WithStreams_ShouldSucceed [FAIL]</Text>
      </RunInfo>
      <RunInfo computerName="C3YHK9C3" outcome="Error" timestamp="2025-07-16T11:12:07.0449467+02:00">
        <Text>[xUnit.net 00:00:35.06]     AgeDigitalTwins.Test.QueryTests.QueryAsync_SimpleQuery_ReturnsTwinsAndRelationships [FAIL]</Text>
      </RunInfo>
      <RunInfo computerName="C3YHK9C3" outcome="Error" timestamp="2025-07-16T11:12:07.0901249+02:00">
        <Text>[xUnit.net 00:00:35.11]     AgeDigitalTwins.Test.ImportJobTests.ImportAsync_WithValidNdJsonData_ShouldImportSuccessfully [FAIL]</Text>
      </RunInfo>
      <RunInfo computerName="C3YHK9C3" outcome="Error" timestamp="2025-07-16T11:12:07.6784542+02:00">
        <Text>[xUnit.net 00:00:35.69]     AgeDigitalTwins.Test.QueryTests.QueryAsync_Pagination_ReturnsPaginatedResults [FAIL]</Text>
      </RunInfo>
      <RunInfo computerName="C3YHK9C3" outcome="Error" timestamp="2025-07-16T11:12:08.3062655+02:00">
        <Text>[xUnit.net 00:00:36.32]     AgeDigitalTwins.Test.QueryTests.QueryAsync_Pagination_HandlesBiggerLimitInQuery [FAIL]</Text>
      </RunInfo>
      <RunInfo computerName="C3YHK9C3" outcome="Error" timestamp="2025-07-16T11:12:08.9109154+02:00">
        <Text>[xUnit.net 00:00:36.93]     AgeDigitalTwins.Test.QueryTests.QueryAsync_AdtQueryWithCount_ReturnsCount [FAIL]</Text>
      </RunInfo>
      <RunInfo computerName="C3YHK9C3" outcome="Error" timestamp="2025-07-16T11:12:09.5426298+02:00">
        <Text>[xUnit.net 00:00:37.56]     AgeDigitalTwins.Test.QueryTests.QueryAsync_IsOfModel_ReturnsTwins [FAIL]</Text>
      </RunInfo>
      <RunInfo computerName="C3YHK9C3" outcome="Error" timestamp="2025-07-16T11:12:10.1874496+02:00">
        <Text>[xUnit.net 00:00:38.20]     AgeDigitalTwins.Test.QueryTests.QueryAsync_SimpleAdtQuerySelectAlias_ReturnsPropertyValues [FAIL]</Text>
      </RunInfo>
    </RunInfos>
  </ResultSummary>
</TestRun>